#
# A fatal error has been detected by the Java Runtime Environment:
#
#  Internal Error (safepoint.cpp:712), pid=52870, tid=0x000000000000777b
#  fatal error: Illegal threadstate encountered: 4
#
# JRE version: Java(TM) SE Runtime Environment (8.0_202-b08) (build 1.8.0_202-b08)
# Java VM: Java HotSpot(TM) 64-Bit Server VM (25.202-b08 mixed mode bsd-amd64 compressed oops)
# Failed to write core dump. Core dumps have been disabled. To enable core dumping, try "ulimit -c unlimited" before starting Java again
#
# If you would like to submit a bug report, please visit:
#   http://bugreport.java.com/bugreport/crash.jsp
# The crash happened outside the Java Virtual Machine in native code.
# See problematic frame for where to report the bug.
#

---------------  T H R E A D  ---------------

Current thread (0x00007f9668166800):  JavaThread "Thread-1" daemon [_thread_in_native, id=30587, stack(0x000000030efaf000,0x000000030f0af000)]

Stack: [0x000000030efaf000,0x000000030f0af000],  sp=0x000000030f0adc80,  free space=1019k
Native frames: (J=compiled Java code, j=interpreted, Vv=VM code, C=native code)
V  [libjvm.dylib+0x5b698e]
V  [libjvm.dylib+0x1e9bed]
V  [libjvm.dylib+0x4e66a8]
V  [libjvm.dylib+0x56fa72]
V  [libjvm.dylib+0x16ab4e]
V  [libjvm.dylib+0x317599]
C  [libglass.dylib+0x49d1]  -[GlassRunnable dealloc]+0x31
C  [libobjc.A.dylib+0x291ee]  _ZN11objc_object17sidetable_releaseEbb+0xe8
C  [Foundation+0x8210b]  -[_NSThreadPerformInfo dealloc]+0x2a
C  [libobjc.A.dylib+0x291ee]  _ZN11objc_object17sidetable_releaseEbb+0xe8
C  [Foundation+0x4edc7]  -[NSObject(NSThreadPerformAdditions) performSelectorOnMainThread:withObject:waitUntilDone:]+0x7c
j  com.sun.glass.ui.mac.MacApplication._submitForLaterInvocation(Ljava/lang/Runnable;)V+0
j  com.sun.glass.ui.mac.MacApplication.submitForLaterInvocation(Ljava/lang/Runnable;)V+2
j  com.sun.glass.ui.InvokeLaterDispatcher.run()V+82
v  ~StubRoutines::call_stub
V  [libjvm.dylib+0x2f0d1e]
V  [libjvm.dylib+0x2f14c2]
V  [libjvm.dylib+0x2f166e]
V  [libjvm.dylib+0x34bf5d]
V  [libjvm.dylib+0x570b93]
V  [libjvm.dylib+0x57228e]
V  [libjvm.dylib+0x48f30a]
C  [libsystem_pthread.dylib+0x6514]  _pthread_start+0x7d
C  [libsystem_pthread.dylib+0x202f]  thread_start+0xf
C  0x0000000000000000

Java frames: (J=compiled Java code, j=interpreted, Vv=VM code)
j  com.sun.glass.ui.mac.MacApplication._submitForLaterInvocation(Ljava/lang/Runnable;)V+0
j  com.sun.glass.ui.mac.MacApplication.submitForLaterInvocation(Ljava/lang/Runnable;)V+2
j  com.sun.glass.ui.InvokeLaterDispatcher.run()V+82
v  ~StubRoutines::call_stub

---------------  P R O C E S S  ---------------

Java Threads: ( => current thread )
  0x00007f966893a800 JavaThread "Prism Font Disposer" daemon [_thread_blocked, id=55995, stack(0x000000030f341000,0x000000030f441000)]
  0x00007f966817b800 JavaThread "JavaFX-Launcher" [_thread_blocked, id=52491, stack(0x000000030f23e000,0x000000030f33e000)]
  0x00007f96670a1000 JavaThread "Thread-3" daemon [_thread_in_native, id=83203, stack(0x000000030f0b2000,0x000000030f132000)]
  0x00007f9667079000 JavaThread "JavaFX Application Thread" [_thread_in_native, id=259, stack(0x000000030d159000,0x000000030d959000)]
=>0x00007f9668166800 JavaThread "Thread-1" daemon [_thread_in_native, id=30587, stack(0x000000030efaf000,0x000000030f0af000)]
  0x00007f9667067800 JavaThread "QuantumRenderer-0" daemon [_thread_blocked, id=24763, stack(0x000000030ee24000,0x000000030ef24000)]
  0x00007f9667808800 JavaThread "Service Thread" daemon [_thread_blocked, id=22791, stack(0x000000030ec1e000,0x000000030ed1e000)]
  0x00007f9668828000 JavaThread "C1 CompilerThread3" daemon [_thread_blocked, id=22275, stack(0x000000030eb1b000,0x000000030ec1b000)]
  0x00007f966700a800 JavaThread "C2 CompilerThread2" daemon [_thread_blocked, id=42755, stack(0x000000030ea18000,0x000000030eb18000)]
  0x00007f9668827800 JavaThread "C2 CompilerThread1" daemon [_thread_blocked, id=43267, stack(0x000000030e915000,0x000000030ea15000)]
  0x00007f9668826000 JavaThread "C2 CompilerThread0" daemon [_thread_blocked, id=17667, stack(0x000000030e812000,0x000000030e912000)]
  0x00007f9668014000 JavaThread "Signal Dispatcher" daemon [_thread_blocked, id=17411, stack(0x000000030e70f000,0x000000030e80f000)]
  0x00007f966600d800 JavaThread "Finalizer" daemon [_thread_blocked, id=14623, stack(0x000000030e4fe000,0x000000030e5fe000)]
  0x00007f9667818800 JavaThread "Reference Handler" daemon [_thread_blocked, id=19235, stack(0x000000030e3fb000,0x000000030e4fb000)]
  0x00007f9668808800 JavaThread "main" [_thread_blocked, id=6403, stack(0x000000030d9dd000,0x000000030dadd000)]

Other Threads:
  0x00007f9667014800 VMThread [stack: 0x000000030e2f8000,0x000000030e3f8000] [id=13571]
  0x00007f9668831000 WatcherThread [stack: 0x000000030ed21000,0x000000030ee21000] [id=23815]

VM state:not at safepoint (normal execution)

VM Mutex/Monitor currently owned by a thread: None

heap address: 0x00000006c0000000, size: 4096 MB, Compressed Oops mode: Zero based, Oop shift amount: 3
Narrow klass base: 0x0000000000000000, Narrow klass shift: 3
Compressed class space size: 1073741824 Address: 0x00000007c0000000

Heap:
 PSYoungGen      total 76288K, used 53400K [0x000000076ab00000, 0x0000000770000000, 0x00000007c0000000)
  eden space 65536K, 81% used [0x000000076ab00000,0x000000076df262e8,0x000000076eb00000)
  from space 10752K, 0% used [0x000000076f580000,0x000000076f580000,0x0000000770000000)
  to   space 10752K, 0% used [0x000000076eb00000,0x000000076eb00000,0x000000076f580000)
 ParOldGen       total 175104K, used 0K [0x00000006c0000000, 0x00000006cab00000, 0x000000076ab00000)
  object space 175104K, 0% used [0x00000006c0000000,0x00000006c0000000,0x00000006cab00000)
 Metaspace       used 18371K, capacity 19406K, committed 19584K, reserved 1067008K
  class space    used 2673K, capacity 2909K, committed 2944K, reserved 1048576K

Card table byte_map: [0x000000010d61f000,0x000000010de20000] byte_map_base: 0x000000010a01f000

Marking Bits: (ParMarkBitMap*) 0x000000010e9bce40
 Begin Bits: [0x000000011f4cf000, 0x00000001234cf000)
 End Bits:   [0x00000001234cf000, 0x00000001274cf000)

Polling page: 0x000000010d148000

CodeCache: size=245760Kb used=6805Kb max_used=6805Kb free=238954Kb
 bounds [0x000000010ff79000, 0x0000000110629000, 0x000000011ef79000]
 total_blobs=2861 nmethods=2233 adapters=542
 compilation: enabled

Compilation events (10 events):
Event: 14.958 Thread 0x00007f9668828000 2228       3       com.sun.prism.impl.BaseGraphics::transform (13 bytes)
Event: 14.958 Thread 0x00007f9668828000 nmethod 2228 0x000000011061da50 code [0x000000011061dbc0, 0x000000011061ddb8]
Event: 15.063 Thread 0x00007f9668828000 2229   !   3       java.util.concurrent.locks.AbstractQueuedSynchronizer::acquireQueued (93 bytes)
Event: 15.067 Thread 0x00007f9668828000 nmethod 2229 0x000000011061de90 code [0x000000011061e0c0, 0x000000011061ebd8]
Event: 15.239 Thread 0x00007f9668828000 2230       3       java.util.concurrent.locks.AbstractQueuedSynchronizer$ConditionObject::doSignal (43 bytes)
Event: 15.240 Thread 0x00007f9668828000 nmethod 2230 0x000000011061f250 code [0x000000011061f3e0, 0x000000011061f768]
Event: 15.240 Thread 0x00007f9668828000 2231       3       com.sun.javafx.tk.Toolkit$$Lambda$150/1164156037::run (8 bytes)
Event: 15.241 Thread 0x00007f9668828000 nmethod 2231 0x000000011061f890 code [0x000000011061fa00, 0x000000011061fc88]
Event: 15.241 Thread 0x00007f9668828000 2232       3       com.sun.javafx.tk.Toolkit::lambda$runPulse$29 (8 bytes)
Event: 15.241 Thread 0x00007f9668828000 nmethod 2232 0x000000011061fd90 code [0x000000011061ff00, 0x0000000110620108]

GC Heap History (0 events):
No events

Deoptimization events (10 events):
Event: 13.238 Thread 0x00007f9667079000 Uncommon trap: reason=bimorphic action=maybe_recompile pc=0x000000011049b834 method=javafx.beans.property.BooleanPropertyBase.get()Z @ 23
Event: 13.728 Thread 0x00007f9667079000 Uncommon trap: reason=unstable_if action=reinterpret pc=0x00000001104ac7e4 method=javafx.scene.Node.impl_intersectsBounds(Lcom/sun/javafx/geom/PickRay;)D @ 902
Event: 14.623 Thread 0x00007f9667079000 Uncommon trap: reason=bimorphic action=maybe_recompile pc=0x00000001104ce20c method=com.sun.javafx.event.EventHandlerManager.dispatchCapturingEvent(Ljavafx/event/Event;)Ljavafx/event/Event; @ 1
Event: 14.624 Thread 0x00007f9667079000 Uncommon trap: reason=bimorphic action=maybe_recompile pc=0x00000001104ce20c method=com.sun.javafx.event.EventHandlerManager.dispatchCapturingEvent(Ljavafx/event/Event;)Ljavafx/event/Event; @ 1
Event: 14.624 Thread 0x00007f9667079000 Uncommon trap: reason=bimorphic action=maybe_recompile pc=0x00000001104ce20c method=com.sun.javafx.event.EventHandlerManager.dispatchCapturingEvent(Ljavafx/event/Event;)Ljavafx/event/Event; @ 1
Event: 14.625 Thread 0x00007f9667079000 Uncommon trap: reason=bimorphic action=maybe_recompile pc=0x00000001104ce20c method=com.sun.javafx.event.EventHandlerManager.dispatchCapturingEvent(Ljavafx/event/Event;)Ljavafx/event/Event; @ 1
Event: 14.626 Thread 0x00007f9667079000 Uncommon trap: reason=bimorphic action=maybe_recompile pc=0x00000001105c0be4 method=com.sun.javafx.event.EventHandlerManager.dispatchBubblingEvent(Ljavafx/event/Event;)Ljavafx/event/Event; @ 1
Event: 14.628 Thread 0x00007f9667079000 Uncommon trap: reason=bimorphic action=maybe_recompile pc=0x00000001105c0be4 method=com.sun.javafx.event.EventHandlerManager.dispatchBubblingEvent(Ljavafx/event/Event;)Ljavafx/event/Event; @ 1
Event: 14.725 Thread 0x00007f9667079000 Uncommon trap: reason=bimorphic action=maybe_recompile pc=0x00000001105c0be4 method=com.sun.javafx.event.EventHandlerManager.dispatchBubblingEvent(Ljavafx/event/Event;)Ljavafx/event/Event; @ 1
Event: 14.726 Thread 0x00007f9667079000 Uncommon trap: reason=bimorphic action=maybe_recompile pc=0x00000001105c0be4 method=com.sun.javafx.event.EventHandlerManager.dispatchBubblingEvent(Ljavafx/event/Event;)Ljavafx/event/Event; @ 1

Classes redefined (0 events):
No events

Internal exceptions (10 events):
Event: 0.372 Thread 0x00007f9668808800 Exception <a 'java/lang/NullPointerException'> (0x000000076ae5dbb0) thrown at [/Users/java_re/workspace/8-2-build-macosx-x86_64/jdk8u202/12323/hotspot/src/share/vm/interpreter/linkResolver.cpp, line 1185]
Event: 0.804 Thread 0x00007f9667079000 Exception <a 'java/lang/NullPointerException'> (0x000000076baa75d0) thrown at [/Users/java_re/workspace/8-2-build-macosx-x86_64/jdk8u202/12323/hotspot/src/share/vm/interpreter/linkResolver.cpp, line 1185]
Event: 0.804 Thread 0x00007f9667079000 Exception <a 'java/lang/NullPointerException'> (0x000000076baa75d0) thrown at [/Users/java_re/workspace/8-2-build-macosx-x86_64/jdk8u202/12323/hotspot/src/share/vm/prims/jvm.cpp, line 1506]
Event: 1.025 Thread 0x00007f9667079000 Exception <a 'java/lang/ArrayIndexOutOfBoundsException'> (0x000000076bf976f8) thrown at [/Users/java_re/workspace/8-2-build-macosx-x86_64/jdk8u202/12323/hotspot/src/share/vm/runtime/sharedRuntime.cpp, line 605]
Event: 1.025 Thread 0x00007f9667079000 Exception <a 'java/lang/ArrayIndexOutOfBoundsException'> (0x000000076bf98210) thrown at [/Users/java_re/workspace/8-2-build-macosx-x86_64/jdk8u202/12323/hotspot/src/share/vm/runtime/sharedRuntime.cpp, line 605]
Event: 1.026 Thread 0x00007f9667079000 Exception <a 'java/lang/ArrayIndexOutOfBoundsException'> (0x000000076bf995b8) thrown at [/Users/java_re/workspace/8-2-build-macosx-x86_64/jdk8u202/12323/hotspot/src/share/vm/runtime/sharedRuntime.cpp, line 605]
Event: 1.161 Thread 0x00007f9667079000 Exception <a 'java/io/FileNotFoundException'> (0x000000076c43d4b8) thrown at [/Users/java_re/workspace/8-2-build-macosx-x86_64/jdk8u202/12323/hotspot/src/share/vm/prims/jni.cpp, line 710]
Event: 2.435 Thread 0x00007f9667079000 Exception <a 'java/lang/ArrayIndexOutOfBoundsException'> (0x000000076d042018) thrown at [/Users/java_re/workspace/8-2-build-macosx-x86_64/jdk8u202/12323/hotspot/src/share/vm/runtime/sharedRuntime.cpp, line 605]
Event: 2.435 Thread 0x00007f9667079000 Exception <a 'java/lang/ArrayIndexOutOfBoundsException'> (0x000000076d043200) thrown at [/Users/java_re/workspace/8-2-build-macosx-x86_64/jdk8u202/12323/hotspot/src/share/vm/runtime/sharedRuntime.cpp, line 605]
Event: 2.435 Thread 0x00007f9667079000 Exception <a 'java/lang/ArrayIndexOutOfBoundsException'> (0x000000076d044c58) thrown at [/Users/java_re/workspace/8-2-build-macosx-x86_64/jdk8u202/12323/hotspot/src/share/vm/runtime/sharedRuntime.cpp, line 605]

Events (10 events):
Event: 14.634 loading class com/sun/javafx/geometry/BoundsUtils
Event: 14.634 loading class com/sun/javafx/geometry/BoundsUtils done
Event: 14.636 loading class com/sun/prism/shape/ShapeRep$InvalidationType
Event: 14.636 loading class com/sun/prism/shape/ShapeRep$InvalidationType done
Event: 14.725 Thread 0x00007f9667079000 Uncommon trap: trap_request=0xffffffc6 fr.pc=0x00000001105c0be4
Event: 14.725 Thread 0x00007f9667079000 DEOPT PACKING pc=0x00000001105c0be4 sp=0x000000030d953fa0
Event: 14.725 Thread 0x00007f9667079000 DEOPT UNPACKING pc=0x000000010ffbe73a sp=0x000000030d953f80 mode 2
Event: 14.726 Thread 0x00007f9667079000 Uncommon trap: trap_request=0xffffffc6 fr.pc=0x00000001105c0be4
Event: 14.726 Thread 0x00007f9667079000 DEOPT PACKING pc=0x00000001105c0be4 sp=0x000000030d953fa0
Event: 14.726 Thread 0x00007f9667079000 DEOPT UNPACKING pc=0x000000010ffbe73a sp=0x000000030d953f80 mode 2


Dynamic libraries:
0x00007ff81abcc000 	/System/Library/Frameworks/Cocoa.framework/Versions/A/Cocoa
0x00007ff80646d000 	/System/Library/Frameworks/AppKit.framework/Versions/C/AppKit
0x00007ff8099bd000 	/System/Library/Frameworks/CoreData.framework/Versions/A/CoreData
0x00007ff804888000 	/System/Library/Frameworks/Foundation.framework/Versions/C/Foundation
0x00007ff80ecb0000 	/usr/lib/libSystem.B.dylib
0x00007ff8072fa000 	/System/Library/PrivateFrameworks/UIFoundation.framework/Versions/A/UIFoundation
0x00007ff814ba4000 	/System/Library/PrivateFrameworks/RemoteViewServices.framework/Versions/A/RemoteViewServices
0x00007ff80cea3000 	/System/Library/PrivateFrameworks/XCTTargetBootstrap.framework/Versions/A/XCTTargetBootstrap
0x00007ff810b7b000 	/System/Library/PrivateFrameworks/InternationalSupport.framework/Versions/A/InternationalSupport
0x00007ff810c05000 	/System/Library/PrivateFrameworks/UserActivity.framework/Versions/A/UserActivity
0x00007ff80ff62000 	/usr/lib/libspindump.dylib
0x00007ff807588000 	/System/Library/Frameworks/UniformTypeIdentifiers.framework/Versions/A/UniformTypeIdentifiers
0x00007ff80b5e2000 	/usr/lib/libapp_launch_measurement.dylib
0x00007ff80a397000 	/System/Library/PrivateFrameworks/CoreAnalytics.framework/Versions/A/CoreAnalytics
0x00007ff80b5e5000 	/System/Library/PrivateFrameworks/CoreAutoLayout.framework/Versions/A/CoreAutoLayout
0x00007ff80c804000 	/System/Library/Frameworks/Metal.framework/Versions/A/Metal
0x00007ff80d51b000 	/usr/lib/liblangid.dylib
0x00007ff80cea7000 	/System/Library/PrivateFrameworks/CoreSVG.framework/Versions/A/CoreSVG
0x00007ff80894a000 	/System/Library/PrivateFrameworks/SkyLight.framework/Versions/A/SkyLight
0x00007ff808cdb000 	/System/Library/Frameworks/CoreGraphics.framework/Versions/A/CoreGraphics
0x00007ff81520f000 	/System/Library/Frameworks/Accelerate.framework/Versions/A/Accelerate
0x00007ff80f9dd000 	/System/Library/PrivateFrameworks/IconServices.framework/Versions/A/IconServices
0x00007ff80c7e9000 	/System/Library/Frameworks/IOSurface.framework/Versions/A/IOSurface
0x00007ff80a3c5000 	/usr/lib/libDiagnosticMessagesClient.dylib
0x00007ff80ebca000 	/usr/lib/libz.1.dylib
0x00007ff81886e000 	/System/Library/Frameworks/ApplicationServices.framework/Versions/A/ApplicationServices
0x00007ff80ce8f000 	/System/Library/PrivateFrameworks/DFRFoundation.framework/Versions/A/DFRFoundation
0x00007ff805d5e000 	/usr/lib/libicucore.A.dylib
0x00007ff81189d000 	/System/Library/Frameworks/AudioToolbox.framework/Versions/A/AudioToolbox
0x00007ff810b87000 	/System/Library/PrivateFrameworks/DataDetectorsCore.framework/Versions/A/DataDetectorsCore
0x00007ff90c31c000 	/System/Library/PrivateFrameworks/TextInput.framework/Versions/A/TextInput
0x00007ff8088cd000 	/usr/lib/libMobileGestalt.dylib
0x00007ff80cb97000 	/System/Library/Frameworks/Carbon.framework/Versions/A/Frameworks/HIToolbox.framework/Versions/A/HIToolbox
0x00007ff80b010000 	/System/Library/Frameworks/QuartzCore.framework/Versions/A/QuartzCore
0x00007ff8059ff000 	/System/Library/Frameworks/Security.framework/Versions/A/Security
0x00007ff814bdc000 	/System/Library/Frameworks/Carbon.framework/Versions/A/Frameworks/SpeechRecognition.framework/Versions/A/SpeechRecognition
0x00007ff80b342000 	/System/Library/PrivateFrameworks/CoreUI.framework/Versions/A/CoreUI
0x00007ff8052d9000 	/System/Library/Frameworks/CoreAudio.framework/Versions/A/CoreAudio
0x00007ff80a4b3000 	/System/Library/Frameworks/DiskArbitration.framework/Versions/A/DiskArbitration
0x00007ff810345000 	/System/Library/PrivateFrameworks/MultitouchSupport.framework/Versions/A/MultitouchSupport
0x00007ff8088cc000 	/usr/lib/libenergytrace.dylib
0x00007ff806359000 	/System/Library/Frameworks/IOKit.framework/Versions/A/IOKit
0x00007ff814fc6000 	/System/Library/Frameworks/CoreServices.framework/Versions/A/CoreServices
0x00007ff80b57c000 	/System/Library/PrivateFrameworks/PerformanceAnalysis.framework/Versions/A/PerformanceAnalysis
0x00007ffa1bd8b000 	/System/Library/Frameworks/OpenGL.framework/Versions/A/OpenGL
0x00007ff80e202000 	/System/Library/PrivateFrameworks/MobileKeyBag.framework/Versions/A/MobileKeyBag
0x00007ff803920000 	/usr/lib/libobjc.A.dylib
0x00007ff80940a000 	/System/Library/Frameworks/ColorSync.framework/Versions/A/ColorSync
0x00007ff803adc000 	/System/Library/Frameworks/CoreFoundation.framework/Versions/A/CoreFoundation
0x00007ff80d122000 	/System/Library/Frameworks/CoreImage.framework/Versions/A/CoreImage
0x00007ff8050ef000 	/System/Library/Frameworks/CoreText.framework/Versions/A/CoreText
0x00007ff80ced6000 	/System/Library/Frameworks/ImageIO.framework/Versions/A/ImageIO
0x00007ff80ecb6000 	/System/Library/PrivateFrameworks/SoftLinking.framework/Versions/A/SoftLinking
0x00007ff80b62d000 	/usr/lib/libxml2.2.dylib
0x00007ff8039e9000 	/usr/lib/libc++.1.dylib
0x00007ff80ef36000 	/usr/lib/libcompression.dylib
0x00007ff810ab1000 	/System/Library/PrivateFrameworks/TextureIO.framework/Versions/A/TextureIO
0x00007ff80f656000 	/usr/lib/libate.dylib
0x00007ff80ecab000 	/usr/lib/system/libcache.dylib
0x00007ff80ec67000 	/usr/lib/system/libcommonCrypto.dylib
0x00007ff80ec90000 	/usr/lib/system/libcompiler_rt.dylib
0x00007ff80ec86000 	/usr/lib/system/libcopyfile.dylib
0x00007ff80381a000 	/usr/lib/system/libcorecrypto.dylib
0x00007ff8038d9000 	/usr/lib/system/libdispatch.dylib
0x00007ff803a9b000 	/usr/lib/system/libdyld.dylib
0x00007ff80eca2000 	/usr/lib/system/libkeymgr.dylib
0x00007ff80ec45000 	/usr/lib/system/libmacho.dylib
0x00007ff80e2d6000 	/usr/lib/system/libquarantine.dylib
0x00007ff80eca0000 	/usr/lib/system/libremovefile.dylib
0x00007ff808919000 	/usr/lib/system/libsystem_asl.dylib
0x00007ff8037c8000 	/usr/lib/system/libsystem_blocks.dylib
0x00007ff803960000 	/usr/lib/system/libsystem_c.dylib
0x00007ff80ec98000 	/usr/lib/system/libsystem_collections.dylib
0x00007ff80d50c000 	/usr/lib/system/libsystem_configuration.dylib
0x00007ff80c7cc000 	/usr/lib/system/libsystem_containermanager.dylib
0x00007ff80e97e000 	/usr/lib/system/libsystem_coreservices.dylib
0x00007ff805fe7000 	/usr/lib/system/libsystem_darwin.dylib
0x00007ff80eca3000 	/usr/lib/system/libsystem_dnssd.dylib
0x00007ff80395d000 	/usr/lib/system/libsystem_featureflags.dylib
0x00007ff803ab1000 	/usr/lib/system/libsystem_info.dylib
0x00007ff80ebdd000 	/usr/lib/system/libsystem_m.dylib
0x00007ff8038ad000 	/usr/lib/system/libsystem_malloc.dylib
0x00007ff8088b6000 	/usr/lib/system/libsystem_networkextension.dylib
0x00007ff80640f000 	/usr/lib/system/libsystem_notify.dylib
0x00007ff814e9d000 	/usr/lib/system/libsystem_product_info_filter.dylib
0x00007ff80d510000 	/usr/lib/system/libsystem_sandbox.dylib
0x00007ff80ec9d000 	/usr/lib/system/libsystem_secinit.dylib
0x00007ff803a58000 	/usr/lib/system/libsystem_kernel.dylib
0x00007ff803aa7000 	/usr/lib/system/libsystem_platform.dylib
0x00007ff803a8f000 	/usr/lib/system/libsystem_pthread.dylib
0x00007ff80a1dd000 	/usr/lib/system/libsystem_symptoms.dylib
0x00007ff803801000 	/usr/lib/system/libsystem_trace.dylib
0x00007ff80ec73000 	/usr/lib/system/libunwind.dylib
0x00007ff8037ca000 	/usr/lib/system/libxpc.dylib
0x00007ff803a42000 	/usr/lib/libc++abi.dylib
0x00007ff80ec7e000 	/usr/lib/liboah.dylib
0x00007ff80f40f000 	/usr/lib/liblzma.5.dylib
0x00007ff804599000 	/System/Library/Frameworks/SystemConfiguration.framework/Versions/A/SystemConfiguration
0x00007ff80ecb2000 	/usr/lib/libfakelink.dylib
0x00007ff808420000 	/System/Library/Frameworks/CFNetwork.framework/Versions/A/CFNetwork
0x00007ff80edf1000 	/usr/lib/libarchive.2.dylib
0x00007ff80d517000 	/System/Library/PrivateFrameworks/AppleSystemInfo.framework/Versions/A/AppleSystemInfo
0x00007ff80e2fc000 	/usr/lib/libbsm.0.dylib
0x00007ff807a57000 	/usr/lib/libnetwork.dylib
0x00007ff80ec4b000 	/usr/lib/system/libkxld.dylib
0x00007ff80df2b000 	/System/Library/PrivateFrameworks/IOMobileFramebuffer.framework/Versions/A/IOMobileFramebuffer
0x00007ffb1972d000 	/usr/lib/libCoreEntitlements.dylib
0x00007ff80e960000 	/System/Library/PrivateFrameworks/AppleFSCompression.framework/Versions/A/AppleFSCompression
0x00007ff80e2e5000 	/usr/lib/libcoretls.dylib
0x00007ff80f429000 	/usr/lib/libcoretls_cfhelpers.dylib
0x00007ff80ef31000 	/usr/lib/libpam.2.dylib
0x00007ff809e03000 	/usr/lib/libsqlite3.dylib
0x00007ff80f498000 	/usr/lib/libxar.1.dylib
0x00007ff80e970000 	/usr/lib/libbz2.1.0.dylib
0x00007ff80ecb7000 	/usr/lib/libpcap.A.dylib
0x00007ff80a1d4000 	/usr/lib/libdns_services.dylib
0x00007ff80ef03000 	/usr/lib/libapple_nghttp2.dylib
0x00007ff80ecee000 	/usr/lib/libiconv.2.dylib
0x00007ff80ec44000 	/usr/lib/libcharset.1.dylib
0x00007ff80b5b0000 	/System/Library/Frameworks/CoreServices.framework/Versions/A/Frameworks/FSEvents.framework/Versions/A/FSEvents
0x00007ff805ff1000 	/System/Library/Frameworks/CoreServices.framework/Versions/A/Frameworks/CarbonCore.framework/Versions/A/CarbonCore
0x00007ff80a418000 	/System/Library/Frameworks/CoreServices.framework/Versions/A/Frameworks/Metadata.framework/Versions/A/Metadata
0x00007ff80e983000 	/System/Library/Frameworks/CoreServices.framework/Versions/A/Frameworks/OSServices.framework/Versions/A/OSServices
0x00007ff80ee77000 	/System/Library/Frameworks/CoreServices.framework/Versions/A/Frameworks/SearchKit.framework/Versions/A/SearchKit
0x00007ff80a166000 	/System/Library/Frameworks/CoreServices.framework/Versions/A/Frameworks/AE.framework/Versions/A/AE
0x00007ff803fdd000 	/System/Library/Frameworks/CoreServices.framework/Versions/A/Frameworks/LaunchServices.framework/Versions/A/LaunchServices
0x00007ff80f3c0000 	/System/Library/Frameworks/CoreServices.framework/Versions/A/Frameworks/DictionaryServices.framework/Versions/A/DictionaryServices
0x00007ff80b5bd000 	/System/Library/Frameworks/CoreServices.framework/Versions/A/Frameworks/SharedFileList.framework/Versions/A/SharedFileList
0x00007ff80e2d9000 	/usr/lib/libCheckFix.dylib
0x00007ff808930000 	/System/Library/PrivateFrameworks/TCC.framework/Versions/A/TCC
0x00007ff80d51d000 	/System/Library/PrivateFrameworks/CoreNLP.framework/Versions/A/CoreNLP
0x00007ff80a3c8000 	/System/Library/PrivateFrameworks/MetadataUtilities.framework/Versions/A/MetadataUtilities
0x00007ff804649000 	/usr/lib/libmecabra.dylib
0x00007ff80e30c000 	/usr/lib/libmecab.dylib
0x00007ff804614000 	/usr/lib/libCRFSuite.dylib
0x00007ff80e369000 	/usr/lib/libgermantok.dylib
0x00007ff80eede000 	/usr/lib/libThaiTokenizer.dylib
0x00007ff80a4ba000 	/System/Library/Frameworks/Accelerate.framework/Versions/A/Frameworks/vImage.framework/Versions/A/vImage
0x00007ff814f9d000 	/System/Library/Frameworks/Accelerate.framework/Versions/A/Frameworks/vecLib.framework/Versions/A/vecLib
0x00007ff80f4d9000 	/System/Library/Frameworks/Accelerate.framework/Versions/A/Frameworks/vecLib.framework/Versions/A/libvMisc.dylib
0x00007ff80dd1f000 	/System/Library/Frameworks/Accelerate.framework/Versions/A/Frameworks/vecLib.framework/Versions/A/libvDSP.dylib
0x00007ff804355000 	/System/Library/Frameworks/Accelerate.framework/Versions/A/Frameworks/vecLib.framework/Versions/A/libBLAS.dylib
0x00007ff80f013000 	/System/Library/Frameworks/Accelerate.framework/Versions/A/Frameworks/vecLib.framework/Versions/A/libLAPACK.dylib
0x00007ff80e36c000 	/System/Library/Frameworks/Accelerate.framework/Versions/A/Frameworks/vecLib.framework/Versions/A/libLinearAlgebra.dylib
0x00007ff80ef1c000 	/System/Library/Frameworks/Accelerate.framework/Versions/A/Frameworks/vecLib.framework/Versions/A/libSparseBLAS.dylib
0x00007ff80f00d000 	/System/Library/Frameworks/Accelerate.framework/Versions/A/Frameworks/vecLib.framework/Versions/A/libQuadrature.dylib
0x00007ff80d607000 	/System/Library/Frameworks/Accelerate.framework/Versions/A/Frameworks/vecLib.framework/Versions/A/libBNNS.dylib
0x00007ff80452a000 	/System/Library/Frameworks/Accelerate.framework/Versions/A/Frameworks/vecLib.framework/Versions/A/libSparse.dylib
0x00007ff80d600000 	/System/Library/PrivateFrameworks/LinguisticData.framework/Versions/A/LinguisticData
0x00007ff8044df000 	/System/Library/PrivateFrameworks/Lexicon.framework/Versions/A/Lexicon
0x00007ff80f4d2000 	/usr/lib/libChineseTokenizer.dylib
0x00007ff804c43000 	/System/Library/PrivateFrameworks/LanguageModeling.framework/Versions/A/LanguageModeling
0x00007ff80eee0000 	/System/Library/PrivateFrameworks/AppleSauce.framework/Versions/A/AppleSauce
0x00007ff80df19000 	/System/Library/PrivateFrameworks/CoreEmoji.framework/Versions/A/CoreEmoji
0x00007ff80ede0000 	/usr/lib/libcmph.dylib
0x00007ff80b594000 	/System/Library/Frameworks/OpenDirectory.framework/Versions/A/Frameworks/CFOpenDirectory.framework/Versions/A/CFOpenDirectory
0x00007ff80b588000 	/System/Library/Frameworks/OpenDirectory.framework/Versions/A/OpenDirectory
0x00007ff80f42b000 	/System/Library/PrivateFrameworks/APFS.framework/Versions/A/APFS
0x00007ff80e23a000 	/System/Library/Frameworks/SecurityFoundation.framework/Versions/A/SecurityFoundation
0x00007ff80f4a6000 	/usr/lib/libutil.dylib
0x00007ff80631c000 	/System/Library/PrivateFrameworks/CoreServicesStore.framework/Versions/A/CoreServicesStore
0x00007ff80f4aa000 	/usr/lib/libxslt.1.dylib
0x00007ff80e2c7000 	/System/Library/PrivateFrameworks/BackgroundTaskManagement.framework/Versions/A/BackgroundTaskManagement
0x00007ff8109d3000 	/System/Library/Frameworks/ImageIO.framework/Versions/A/Resources/libRadiance.dylib
0x00007ff8109dc000 	/System/Library/Frameworks/ImageIO.framework/Versions/A/Resources/libJPEG.dylib
0x00007ff81092d000 	/System/Library/Frameworks/ImageIO.framework/Versions/A/Resources/libPng.dylib
0x00007ff81094e000 	/System/Library/Frameworks/ImageIO.framework/Versions/A/Resources/libTIFF.dylib
0x00007ff810a3a000 	/System/Library/Frameworks/ImageIO.framework/Versions/A/Resources/libGIF.dylib
0x00007ff810262000 	/System/Library/Frameworks/ImageIO.framework/Versions/A/Resources/libJP2.dylib
0x00007ff80f9a4000 	/usr/lib/libexpat.1.dylib
0x00007ff810217000 	/System/Library/PrivateFrameworks/AppleJPEG.framework/Versions/A/AppleJPEG
0x00007ff80ca5e000 	/System/Library/PrivateFrameworks/FontServices.framework/libFontParser.dylib
0x00007ff80a110000 	/System/Library/PrivateFrameworks/RunningBoardServices.framework/Versions/A/RunningBoardServices
0x00007ff81b13d000 	/System/Library/PrivateFrameworks/IOSurfaceAccelerator.framework/Versions/A/IOSurfaceAccelerator
0x00007ff810341000 	/System/Library/PrivateFrameworks/WatchdogClient.framework/Versions/A/WatchdogClient
0x00007ff804d32000 	/System/Library/Frameworks/CoreDisplay.framework/Versions/A/CoreDisplay
0x00007ff80c95e000 	/System/Library/Frameworks/CoreMedia.framework/Versions/A/CoreMedia
0x00007ff80c7fb000 	/System/Library/PrivateFrameworks/IOAccelerator.framework/Versions/A/IOAccelerator
0x00007ff80b710000 	/System/Library/Frameworks/CoreVideo.framework/Versions/A/CoreVideo
0x00007ff80ef2f000 	/System/Library/Frameworks/MetalPerformanceShaders.framework/Versions/A/MetalPerformanceShaders
0x00007ff81037c000 	/System/Library/Frameworks/VideoToolbox.framework/Versions/A/VideoToolbox
0x00007ff80a058000 	/System/Library/PrivateFrameworks/BaseBoard.framework/Versions/A/BaseBoard
0x00007ff809de9000 	/System/Library/PrivateFrameworks/ProtocolBuffer.framework/Versions/A/ProtocolBuffer
0x00007ff8109cc000 	/System/Library/PrivateFrameworks/GPUWrangler.framework/Versions/A/GPUWrangler
0x00007ff8109af000 	/System/Library/PrivateFrameworks/IOPresentment.framework/Versions/A/IOPresentment
0x00007ff8109d6000 	/System/Library/PrivateFrameworks/DSExternalDisplay.framework/Versions/A/DSExternalDisplay
0x00007ffa1bd7f000 	/System/Library/Frameworks/OpenGL.framework/Versions/A/Libraries/libCoreFSCache.dylib
0x00007ffb07d2c000 	/System/Library/PrivateFrameworks/GPUCompiler.framework/Versions/31001/Libraries/libGPUCompilerUtils.dylib
0x00007ff810a3f000 	/System/Library/PrivateFrameworks/CMCaptureCore.framework/Versions/A/CMCaptureCore
0x00007ff80ff50000 	/System/Library/PrivateFrameworks/AppServerSupport.framework/Versions/A/AppServerSupport
0x00007ff81211a000 	/System/Library/PrivateFrameworks/perfdata.framework/Versions/A/perfdata
0x00007ff804e5e000 	/System/Library/PrivateFrameworks/AudioToolboxCore.framework/Versions/A/AudioToolboxCore
0x00007ff80c93b000 	/System/Library/PrivateFrameworks/caulk.framework/Versions/A/caulk
0x00007ff811a47000 	/usr/lib/libAudioStatistics.dylib
0x00007ff908bdb000 	/System/Library/PrivateFrameworks/SystemPolicy.framework/Versions/A/SystemPolicy
0x00007ff811c93000 	/usr/lib/libSMC.dylib
0x00007ff81aa7f000 	/System/Library/Frameworks/CoreMIDI.framework/Versions/A/CoreMIDI
0x00007ff8108fd000 	/usr/lib/libAudioToolboxUtility.dylib
0x00007ff905063000 	/System/Library/PrivateFrameworks/OSAServicesClient.framework/Versions/A/OSAServicesClient
0x00007ff812127000 	/usr/lib/libperfcheck.dylib
0x00007ff909667000 	/usr/lib/libmis.dylib
0x00007ffa1bddb000 	/System/Library/Frameworks/OpenGL.framework/Versions/A/Libraries/libGLU.dylib
0x00007ffa1bd9e000 	/System/Library/Frameworks/OpenGL.framework/Versions/A/Libraries/libGFXShared.dylib
0x00007ffa1bfac000 	/System/Library/Frameworks/OpenGL.framework/Versions/A/Libraries/libGL.dylib
0x00007ffa1bda7000 	/System/Library/Frameworks/OpenGL.framework/Versions/A/Libraries/libGLImage.dylib
0x00007ffa1bd9b000 	/System/Library/Frameworks/OpenGL.framework/Versions/A/Libraries/libCVMSPluginSupport.dylib
0x00007ffa1bd86000 	/System/Library/Frameworks/OpenGL.framework/Versions/A/Libraries/libCoreVMClient.dylib
0x00007ff80d49b000 	/System/Library/Frameworks/MetalPerformanceShaders.framework/Versions/A/Frameworks/MPSCore.framework/Versions/A/MPSCore
0x00007ff80e8cb000 	/System/Library/Frameworks/MetalPerformanceShaders.framework/Versions/A/Frameworks/MPSImage.framework/Versions/A/MPSImage
0x00007ff80e382000 	/System/Library/Frameworks/MetalPerformanceShaders.framework/Versions/A/Frameworks/MPSNeuralNetwork.framework/Versions/A/MPSNeuralNetwork
0x00007ff80e7f7000 	/System/Library/Frameworks/MetalPerformanceShaders.framework/Versions/A/Frameworks/MPSMatrix.framework/Versions/A/MPSMatrix
0x00007ff80e5b3000 	/System/Library/Frameworks/MetalPerformanceShaders.framework/Versions/A/Frameworks/MPSRayIntersector.framework/Versions/A/MPSRayIntersector
0x00007ff80e830000 	/System/Library/Frameworks/MetalPerformanceShaders.framework/Versions/A/Frameworks/MPSNDArray.framework/Versions/A/MPSNDArray
0x00007ffa20984000 	/System/Library/Frameworks/MetalPerformanceShaders.framework/Versions/A/Frameworks/MPSFunctions.framework/Versions/A/MPSFunctions
0x00007ff804238000 	/System/Library/PrivateFrameworks/MetalTools.framework/Versions/A/MetalTools
0x00007ff80d515000 	/System/Library/PrivateFrameworks/AggregateDictionary.framework/Versions/A/AggregateDictionary
0x00007ff80f786000 	/usr/lib/libIOReport.dylib
0x00007ffa1d3bb000 	/System/Library/Frameworks/OpenCL.framework/Versions/A/OpenCL
0x00007ff80faea000 	/System/Library/PrivateFrameworks/FaceCore.framework/Versions/A/FaceCore
0x00007ff80fadb000 	/System/Library/PrivateFrameworks/GraphVisualizer.framework/Versions/A/GraphVisualizer
0x00007ffb07c37000 	/System/Library/PrivateFrameworks/FontServices.framework/Versions/A/FontServices
0x00007ff80ff07000 	/System/Library/PrivateFrameworks/OTSVG.framework/Versions/A/OTSVG
0x00007ff80b2f8000 	/System/Library/Frameworks/ApplicationServices.framework/Versions/A/Frameworks/ATS.framework/Versions/A/Resources/libFontRegistry.dylib
0x00007ff80ff58000 	/System/Library/PrivateFrameworks/FontServices.framework/libhvf.dylib
0x00007ffb07c38000 	/System/Library/PrivateFrameworks/FontServices.framework/libXTFontStaticRegistryData.dylib
0x00007ff80f954000 	/System/Library/PrivateFrameworks/AppleVA.framework/Versions/A/AppleVA
0x00007ff811a67000 	/System/Library/Frameworks/ApplicationServices.framework/Versions/A/Frameworks/ATS.framework/Versions/A/ATS
0x00007ff809506000 	/System/Library/Frameworks/ApplicationServices.framework/Versions/A/Frameworks/HIServices.framework/Versions/A/HIServices
0x00007ff810a49000 	/System/Library/Frameworks/ApplicationServices.framework/Versions/A/Frameworks/PrintCore.framework/Versions/A/PrintCore
0x00007ff811de6000 	/System/Library/Frameworks/ApplicationServices.framework/Versions/A/Frameworks/QD.framework/Versions/A/QD
0x00007ff811dde000 	/System/Library/Frameworks/ApplicationServices.framework/Versions/A/Frameworks/ColorSyncLegacy.framework/Versions/A/ColorSyncLegacy
0x00007ff811a57000 	/System/Library/Frameworks/ApplicationServices.framework/Versions/A/Frameworks/SpeechSynthesis.framework/Versions/A/SpeechSynthesis
0x00007ff810a0a000 	/System/Library/Frameworks/ApplicationServices.framework/Versions/A/Frameworks/ATSUI.framework/Versions/A/ATSUI
0x00007ff811d73000 	/usr/lib/libcups.2.dylib
0x00007ff812136000 	/System/Library/Frameworks/Kerberos.framework/Versions/A/Kerberos
0x00007ff812145000 	/System/Library/Frameworks/GSS.framework/Versions/A/GSS
0x00007ff811ad3000 	/usr/lib/libresolv.9.dylib
0x00007ff80ff67000 	/System/Library/PrivateFrameworks/Heimdal.framework/Versions/A/Heimdal
0x00007ff818be9000 	/System/Library/Frameworks/Kerberos.framework/Versions/A/Libraries/libHeimdalProxy.dylib
0x00007ff80a1e5000 	/System/Library/Frameworks/Network.framework/Versions/A/Network
0x00007ff80f9be000 	/usr/lib/libheimdal-asn1.dylib
0x00007ff812190000 	/System/Library/PrivateFrameworks/CommonAuth.framework/Versions/A/CommonAuth
0x00007ff8119d8000 	/System/Library/PrivateFrameworks/AudioSession.framework/Versions/A/AudioSession
0x00007ff80fa4e000 	/System/Library/PrivateFrameworks/MediaExperience.framework/Versions/A/MediaExperience
0x00007ff81186c000 	/System/Library/PrivateFrameworks/AudioSession.framework/libSessionUtility.dylib
0x00007ff811df2000 	/System/Library/PrivateFrameworks/AudioResourceArbitration.framework/Versions/A/AudioResourceArbitration
0x00007ff80f9c7000 	/System/Library/PrivateFrameworks/IconFoundation.framework/Versions/A/IconFoundation
0x00007ff814bcc000 	/System/Library/PrivateFrameworks/SpeechRecognitionCore.framework/Versions/A/SpeechRecognitionCore
0x000000010e0c1000 	/Library/Internet Plug-Ins/JavaAppletPlugin.plugin/Contents/Home/lib/server/libjvm.dylib
0x00007ffb1a1c3000 	/usr/lib/libstdc++.6.dylib
0x000000010d155000 	/Library/Internet Plug-Ins/JavaAppletPlugin.plugin/Contents/Home/lib/libverify.dylib
0x000000010d1aa000 	/Library/Internet Plug-Ins/JavaAppletPlugin.plugin/Contents/Home/lib/libjava.dylib
0x000000010d17e000 	/Library/Internet Plug-Ins/JavaAppletPlugin.plugin/Contents/Home/lib/libzip.dylib
0x000000012a41b000 	/Library/Internet Plug-Ins/JavaAppletPlugin.plugin/Contents/Home/lib/libprism_es2.dylib
0x00007ff8062dd000 	/System/Library/PrivateFrameworks/CoreServicesInternal.framework/Versions/A/CoreServicesInternal
0x00007ffa1bfb7000 	/System/Library/Frameworks/OpenGL.framework/Versions/A/Resources/GLEngine.bundle/GLEngine
0x00007ffa1be19000 	/System/Library/Frameworks/OpenGL.framework/Versions/A/Libraries/libGLProgrammability.dylib
0x000000012a6a6000 	/System/Library/Extensions/AppleMetalOpenGLRenderer.bundle/Contents/MacOS/AppleMetalOpenGLRenderer
0x00007ffa1c146000 	/System/Library/Frameworks/OpenGL.framework/Versions/A/Resources/GLRendererFloat.bundle/GLRendererFloat
0x00007ffa11d3e000 	/System/Library/Extensions/AGXMetalG13X.bundle/Contents/MacOS/AGXMetalG13X
0x00007ff909682000 	/System/Library/PrivateFrameworks/GPURawCounter.framework/Versions/A/GPURawCounter
0x00007ff9041ff000 	/System/Library/PrivateFrameworks/IOGPU.framework/Versions/A/IOGPU
0x000000012a829000 	/Library/Internet Plug-Ins/JavaAppletPlugin.plugin/Contents/Home/lib/libglass.dylib
0x00007ff81639d000 	/System/Library/Frameworks/FileProvider.framework/Versions/A/FileProvider
0x00007ff809fc4000 	/System/Library/Frameworks/Accounts.framework/Versions/A/Accounts
0x00007ff816515000 	/System/Library/PrivateFrameworks/GenerationalStorage.framework/Versions/A/GenerationalStorage
0x00007ff817022000 	/System/Library/PrivateFrameworks/CoreSymbolication.framework/Versions/A/CoreSymbolication
0x00007ff815da1000 	/System/Library/PrivateFrameworks/SymptomDiagnosticReporter.framework/Versions/A/SymptomDiagnosticReporter
0x00007ff80759c000 	/System/Library/PrivateFrameworks/DesktopServicesPriv.framework/Versions/A/DesktopServicesPriv
0x00007ff80641e000 	/usr/lib/libsandbox.1.dylib
0x00007ff80b78e000 	/System/Library/PrivateFrameworks/UserManagement.framework/Versions/A/UserManagement
0x00007ff816fe7000 	/System/Library/PrivateFrameworks/DebugSymbols.framework/Versions/A/DebugSymbols
0x00007ff811dd3000 	/System/Library/PrivateFrameworks/NetAuth.framework/Versions/A/NetAuth
0x00007ff812cbf000 	/System/Library/PrivateFrameworks/Sharing.framework/Versions/A/Sharing
0x00007ff80b761000 	/System/Library/PrivateFrameworks/login.framework/Versions/A/Frameworks/loginsupport.framework/Versions/A/loginsupport
0x00007ff81811f000 	/System/Library/PrivateFrameworks/Apple80211.framework/Versions/A/Apple80211
0x00007ff80e9b0000 	/System/Library/PrivateFrameworks/AuthKit.framework/Versions/A/AuthKit
0x00007ff80e00f000 	/System/Library/PrivateFrameworks/CoreUtils.framework/Versions/A/CoreUtils
0x00007ff80df36000 	/System/Library/Frameworks/CoreWLAN.framework/Versions/A/CoreWLAN
0x00007ff812e1a000 	/System/Library/Frameworks/IOBluetooth.framework/Versions/A/IOBluetooth
0x00007ff818187000 	/System/Library/PrivateFrameworks/CoreWiFi.framework/Versions/A/CoreWiFi
0x00007ff816bbc000 	/System/Library/PrivateFrameworks/FrontBoardServices.framework/Versions/A/FrontBoardServices
0x00007ff816c4e000 	/System/Library/PrivateFrameworks/BoardServices.framework/Versions/A/BoardServices
0x00007ff80e229000 	/System/Library/PrivateFrameworks/AssertionServices.framework/Versions/A/AssertionServices
0x00007ff81830b000 	/System/Library/PrivateFrameworks/BackBoardServices.framework/Versions/A/BackBoardServices
0x00007ff81221f000 	/System/Library/PrivateFrameworks/CorePhoneNumbers.framework/Versions/A/CorePhoneNumbers
0x00007ff815ebe000 	/System/Library/PrivateFrameworks/DiskManagement.framework/Versions/A/DiskManagement
0x00007ff815dd2000 	/System/Library/PrivateFrameworks/AppleIDAuthSupport.framework/Versions/A/AppleIDAuthSupport
0x00007ffa228ea000 	/System/Library/PrivateFrameworks/AAAFoundation.framework/Versions/A/AAAFoundation
0x00007ff812200000 	/System/Library/PrivateFrameworks/KeychainCircle.framework/Versions/A/KeychainCircle
0x00007ff815e8a000 	/System/Library/PrivateFrameworks/MediaKit.framework/Versions/A/MediaKit
0x00007ff815dde000 	/System/Library/Frameworks/DiscRecording.framework/Versions/A/DiscRecording
0x00007ff80f8cc000 	/usr/lib/libCoreStorage.dylib
0x00007ff8185f8000 	/usr/lib/libcsfde.dylib
0x00007ff812ee7000 	/System/Library/PrivateFrameworks/ProtectedCloudStorage.framework/Versions/A/ProtectedCloudStorage
0x00007ff8185f4000 	/System/Library/PrivateFrameworks/EFILogin.framework/Versions/A/EFILogin
0x00007ff81653b000 	/System/Library/PrivateFrameworks/OctagonTrust.framework/Versions/A/OctagonTrust
0x00007ffb06f71000 	/System/Library/PrivateFrameworks/CoreUtilsExtras.framework/Versions/A/CoreUtilsExtras
0x00007ff815d11000 	/System/Library/Frameworks/CoreBluetooth.framework/Versions/A/CoreBluetooth
0x00007ff818c6e000 	/System/Library/Frameworks/AudioUnit.framework/Versions/A/AudioUnit
0x00007ff80f8c4000 	/usr/lib/libMatch.1.dylib
0x00007ff90da3a000 	/System/Library/Frameworks/Accelerate.framework/Versions/A/Frameworks/vImage.framework/Versions/A/Libraries/libCGInterfaces.dylib
0x000000012c3c8000 	/usr/lib/libobjc-trampolines.dylib
0x00007ff81b145000 	/System/Library/PrivateFrameworks/FamilyControls.framework/Versions/A/FamilyControls
0x00007ff81b169000 	/System/Library/PrivateFrameworks/CommerceKit.framework/Versions/A/Frameworks/CommerceCore.framework/Versions/A/CommerceCore
0x00007ff815293000 	/System/Library/PrivateFrameworks/SystemAdministration.framework/Versions/A/SystemAdministration
0x00007ff812ece000 	/System/Library/PrivateFrameworks/AppContainer.framework/Versions/A/AppContainer
0x00007ff812ee3000 	/System/Library/PrivateFrameworks/SecCodeWrapper.framework/Versions/A/SecCodeWrapper
0x00007ff80f78e000 	/System/Library/PrivateFrameworks/CrashReporterSupport.framework/Versions/A/CrashReporterSupport
0x00007ff9152fe000 	/System/Library/PrivateFrameworks/OSAnalytics.framework/Versions/A/OSAnalytics
0x00007ff9203b4000 	/System/Library/PrivateFrameworks/Symbolication.framework/Versions/A/Symbolication
0x00007ff909644000 	/System/Library/PrivateFrameworks/MallocStackLogging.framework/Versions/A/MallocStackLogging
0x00007ff810021000 	/System/Library/PrivateFrameworks/login.framework/Versions/A/login
0x00007ff810c71000 	/System/Library/Frameworks/MediaToolbox.framework/Versions/A/MediaToolbox
0x00007ff814b98000 	/System/Library/Frameworks/DirectoryService.framework/Versions/A/DirectoryService
0x00007ff818497000 	/System/Library/PrivateFrameworks/DiskImages.framework/Versions/A/DiskImages
0x00007ff80e2d1000 	/System/Library/Frameworks/ServiceManagement.framework/Versions/A/ServiceManagement
0x00007ff818670000 	/System/Library/PrivateFrameworks/LoginUIKit.framework/Versions/A/Frameworks/LoginUICore.framework/Versions/A/LoginUICore
0x00007ff8101cf000 	/usr/lib/libodfde.dylib
0x00007ff81636d000 	/System/Library/PrivateFrameworks/CoreAVCHD.framework/Versions/A/CoreAVCHD
0x00007ff815257000 	/System/Library/Frameworks/MediaAccessibility.framework/Versions/A/MediaAccessibility
0x00007ff816369000 	/System/Library/PrivateFrameworks/Mangrove.framework/Versions/A/Mangrove
0x00007ff815262000 	/System/Library/PrivateFrameworks/AlgosScoreFramework.framework/Versions/A/AlgosScoreFramework
0x00007ffb043d9000 	/System/Library/PrivateFrameworks/CMPhoto.framework/Versions/A/CMPhoto
0x00007ff816ebd000 	/System/Library/PrivateFrameworks/AppleVPA.framework/Versions/A/AppleVPA
0x00007ff815fae000 	/System/Library/PrivateFrameworks/CoreAUC.framework/Versions/A/CoreAUC
0x00007ff818604000 	/usr/lib/libcurl.4.dylib
0x00007ff818363000 	/usr/lib/libcrypto.44.dylib
0x00007ff81846a000 	/usr/lib/libssl.46.dylib
0x00007ff818329000 	/System/Library/Frameworks/LDAP.framework/Versions/A/LDAP
0x00007ff818361000 	/System/Library/PrivateFrameworks/TrustEvaluationAgent.framework/Versions/A/TrustEvaluationAgent
0x00007ff811aec000 	/usr/lib/libsasl2.2.dylib
0x00007ff815287000 	/System/Library/PrivateFrameworks/CoreDaemon.framework/Versions/B/CoreDaemon
0x00007ff815282000 	/System/Library/PrivateFrameworks/AppleSRP.framework/Versions/A/AppleSRP
0x00007ff80b488000 	/System/Library/PrivateFrameworks/ViewBridge.framework/Versions/A/ViewBridge
0x00007ffb1983b000 	/usr/lib/libRosetta.dylib
0x00007ffa22fa0000 	/System/Library/PrivateFrameworks/AccessibilityBundles.framework/Versions/A/AccessibilityBundles
0x000000012cf50000 	/Library/Internet Plug-Ins/JavaAppletPlugin.plugin/Contents/Home/lib/libjavafx_font.dylib
0x000000012e451000 	/Library/Internet Plug-Ins/JavaAppletPlugin.plugin/Contents/Home/lib/libprism_common.dylib

VM Arguments:
jvm_args: -Dfile.encoding=UTF-8 
java_command: application.Main
java_class_path (initial): /Users/murunenkhtaivan/Desktop/Fall 2023/CS151/team-03-01/bin:/Users/murunenkhtaivan/.p2/pool/plugins/org.eclipse.fx.ide.css.jfx8_3.8.0.202204150904.jar
Launcher Type: SUN_STANDARD

Environment Variables:
PATH=/usr/bin:/bin:/usr/sbin:/sbin
SHELL=/bin/zsh

Signal Handlers:
SIGSEGV: [libjvm.dylib+0x5b719d], sa_mask[0]=11111111111111111111111111111111, sa_flags=SA_ONSTACK|SA_RESTART|SA_SIGINFO
SIGBUS: [libjvm.dylib+0x5b719d], sa_mask[0]=11111111111111111111111111111111, sa_flags=SA_RESTART|SA_SIGINFO
SIGFPE: [libjvm.dylib+0x48c8fc], sa_mask[0]=11111111111111111111111111111111, sa_flags=SA_RESTART|SA_SIGINFO
SIGPIPE: [libjvm.dylib+0x48c8fc], sa_mask[0]=11111111111111111111111111111111, sa_flags=SA_RESTART|SA_SIGINFO
SIGXFSZ: [libjvm.dylib+0x48c8fc], sa_mask[0]=11111111111111111111111111111111, sa_flags=SA_RESTART|SA_SIGINFO
SIGILL: [libjvm.dylib+0x48c8fc], sa_mask[0]=11111111111111111111111111111111, sa_flags=SA_RESTART|SA_SIGINFO
SIGUSR1: SIG_DFL, sa_mask[0]=00000000000000000000000000000000, sa_flags=none
SIGUSR2: [libjvm.dylib+0x48c41a], sa_mask[0]=00100000000000000000000000000000, sa_flags=SA_RESTART|SA_SIGINFO
SIGHUP: [libjvm.dylib+0x48a9a5], sa_mask[0]=11111111111111111111111111111111, sa_flags=SA_RESTART|SA_SIGINFO
SIGINT: [libjvm.dylib+0x48a9a5], sa_mask[0]=11111111111111111111111111111111, sa_flags=SA_RESTART|SA_SIGINFO
SIGTERM: [libjvm.dylib+0x48a9a5], sa_mask[0]=11111111111111111111111111111111, sa_flags=SA_RESTART|SA_SIGINFO
SIGQUIT: [libjvm.dylib+0x48a9a5], sa_mask[0]=11111111111111111111111111111111, sa_flags=SA_RESTART|SA_SIGINFO


---------------  S Y S T E M  ---------------

OS:Bsduname:Darwin 21.1.0 Darwin Kernel Version 21.1.0: Wed Oct 13 17:33:01 PDT 2021; root:xnu-8019.41.5~1/RELEASE_ARM64_T6000 x86_64
rlimit: STACK 8176k, CORE 0k, NPROC 2666, NOFILE 10240, AS infinity
load average:3.77 3.25 3.01

CPU:total 8 (initial active 8) (1 cores per cpu, 1 threads per core) family 6 model 44 stepping 0, cmov, cx8, fxsr, mmx, sse, sse2, sse3, ssse3, sse4.1, sse4.2, popcnt, aes, clmul, tsc, tscinvbit, tscinv

Memory: 4k page, physical 16777216k(69016k free)

/proc/meminfo:


vm_info: Java HotSpot(TM) 64-Bit Server VM (25.202-b08) for bsd-amd64 JRE (1.8.0_202-b08), built on Dec 15 2018 20:16:16 by "java_re" with gcc 4.2.1 (Based on Apple Inc. build 5658) (LLVM build 2336.11.00)

time: Fri Oct  6 14:23:08 2023
timezone: PDT
elapsed time: 15 seconds (0d 0h 0m 15s)

