#
# A fatal error has been detected by the Java Runtime Environment:
#
#  Internal Error (safepoint.cpp:712), pid=58315, tid=0x0000000000008fa3
#  fatal error: Illegal threadstate encountered: 4
#
# JRE version: Java(TM) SE Runtime Environment (8.0_202-b08) (build 1.8.0_202-b08)
# Java VM: Java HotSpot(TM) 64-Bit Server VM (25.202-b08 mixed mode bsd-amd64 compressed oops)
# Failed to write core dump. Core dumps have been disabled. To enable core dumping, try "ulimit -c unlimited" before starting Java again
#
# If you would like to submit a bug report, please visit:
#   http://bugreport.java.com/bugreport/crash.jsp
# The crash happened outside the Java Virtual Machine in native code.
# See problematic frame for where to report the bug.
#

---------------  T H R E A D  ---------------

Current thread (0x00007f953e860800):  JavaThread "Thread-1" daemon [_thread_in_native, id=36771, stack(0x0000000305cc7000,0x0000000305dc7000)]

Stack: [0x0000000305cc7000,0x0000000305dc7000],  sp=0x0000000305dc5cb0,  free space=1019k
Native frames: (J=compiled Java code, j=interpreted, Vv=VM code, C=native code)
V  [libjvm.dylib+0x5b698e]
V  [libjvm.dylib+0x1e9bed]
V  [libjvm.dylib+0x4e66a8]
V  [libjvm.dylib+0x56fa72]
V  [libjvm.dylib+0x16ab4e]
V  [libjvm.dylib+0x317599]
C  [libglass.dylib+0x49d1]  -[GlassRunnable dealloc]+0x31
C  [libobjc.A.dylib+0x291ee]  _ZN11objc_object17sidetable_releaseEbb+0xe8
C  [Foundation+0x8210b]  -[_NSThreadPerformInfo dealloc]+0x2a
C  [libobjc.A.dylib+0x291ee]  _ZN11objc_object17sidetable_releaseEbb+0xe8
C  [Foundation+0x4edc7]  -[NSObject(NSThreadPerformAdditions) performSelectorOnMainThread:withObject:waitUntilDone:]+0x7c
J 3132  com.sun.glass.ui.mac.MacApplication._submitForLaterInvocation(Ljava/lang/Runnable;)V (0 bytes) @ 0x000000010c05453c [0x000000010c054480+0xbc]
J 3131 C1 com.sun.glass.ui.mac.MacApplication.submitForLaterInvocation(Ljava/lang/Runnable;)V (6 bytes) @ 0x000000010c0569fc [0x000000010c056980+0x7c]
j  com.sun.glass.ui.InvokeLaterDispatcher.run()V+82
v  ~StubRoutines::call_stub
V  [libjvm.dylib+0x2f0d1e]
V  [libjvm.dylib+0x2f14c2]
V  [libjvm.dylib+0x2f166e]
V  [libjvm.dylib+0x34bf5d]
V  [libjvm.dylib+0x570b93]
V  [libjvm.dylib+0x57228e]
V  [libjvm.dylib+0x48f30a]
C  [libsystem_pthread.dylib+0x6514]  _pthread_start+0x7d
C  [libsystem_pthread.dylib+0x202f]  thread_start+0xf
C  0x0000000000000000

Java frames: (J=compiled Java code, j=interpreted, Vv=VM code)
J 3132  com.sun.glass.ui.mac.MacApplication._submitForLaterInvocation(Ljava/lang/Runnable;)V (0 bytes) @ 0x000000010c0544cc [0x000000010c054480+0x4c]
J 3131 C1 com.sun.glass.ui.mac.MacApplication.submitForLaterInvocation(Ljava/lang/Runnable;)V (6 bytes) @ 0x000000010c0569fc [0x000000010c056980+0x7c]
j  com.sun.glass.ui.InvokeLaterDispatcher.run()V+82
v  ~StubRoutines::call_stub

---------------  P R O C E S S  ---------------

Java Threads: ( => current thread )
  0x00007f953e90c000 JavaThread "Prism Font Disposer" daemon [_thread_blocked, id=54063, stack(0x0000000306059000,0x0000000306159000)]
  0x00007f953d0e5800 JavaThread "JavaFX-Launcher" [_thread_blocked, id=75595, stack(0x0000000305f56000,0x0000000306056000)]
  0x00007f953d0d9800 JavaThread "Thread-3" daemon [_thread_in_native, id=46851, stack(0x0000000305dca000,0x0000000305e4a000)]
  0x00007f953d0c5800 JavaThread "JavaFX Application Thread" [_thread_in_native, id=259, stack(0x0000000303ef6000,0x00000003046f6000)]
=>0x00007f953e860800 JavaThread "Thread-1" daemon [_thread_in_native, id=36771, stack(0x0000000305cc7000,0x0000000305dc7000)]
  0x00007f953c9b8800 JavaThread "QuantumRenderer-0" daemon [_thread_blocked, id=23351, stack(0x0000000305bc4000,0x0000000305cc4000)]
  0x00007f953e825800 JavaThread "Service Thread" daemon [_thread_blocked, id=22535, stack(0x00000003059be000,0x0000000305abe000)]
  0x00007f953c808800 JavaThread "C1 CompilerThread3" daemon [_thread_blocked, id=42243, stack(0x00000003058bb000,0x00000003059bb000)]
  0x00007f953e814800 JavaThread "C2 CompilerThread2" daemon [_thread_blocked, id=43011, stack(0x00000003057b8000,0x00000003058b8000)]
  0x00007f953e00f000 JavaThread "C2 CompilerThread1" daemon [_thread_blocked, id=43267, stack(0x00000003056b5000,0x00000003057b5000)]
  0x00007f953e00b800 JavaThread "C2 CompilerThread0" daemon [_thread_blocked, id=16643, stack(0x00000003055b2000,0x00000003056b2000)]
  0x00007f953d064800 JavaThread "Signal Dispatcher" daemon [_thread_blocked, id=17155, stack(0x00000003054af000,0x00000003055af000)]
  0x00007f953d05c800 JavaThread "Finalizer" daemon [_thread_blocked, id=15131, stack(0x000000030529b000,0x000000030539b000)]
  0x00007f953d05b800 JavaThread "Reference Handler" daemon [_thread_blocked, id=14883, stack(0x0000000305198000,0x0000000305298000)]
  0x00007f953d00b800 JavaThread "main" [_thread_blocked, id=6403, stack(0x000000030477a000,0x000000030487a000)]

Other Threads:
  0x00007f953d059000 VMThread [stack: 0x0000000305095000,0x0000000305195000] [id=14339]
  0x00007f953e811000 WatcherThread [stack: 0x0000000305ac1000,0x0000000305bc1000] [id=41479]

VM state:not at safepoint (normal execution)

VM Mutex/Monitor currently owned by a thread: None

heap address: 0x00000006c0000000, size: 4096 MB, Compressed Oops mode: Zero based, Oop shift amount: 3
Narrow klass base: 0x0000000000000000, Narrow klass shift: 3
Compressed class space size: 1073741824 Address: 0x00000007c0000000

Heap:
 PSYoungGen      total 76288K, used 17740K [0x000000076ab00000, 0x0000000770000000, 0x00000007c0000000)
  eden space 65536K, 27% used [0x000000076ab00000,0x000000076bc53048,0x000000076eb00000)
  from space 10752K, 0% used [0x000000076eb00000,0x000000076eb00000,0x000000076f580000)
  to   space 10752K, 0% used [0x000000076f580000,0x000000076f580000,0x0000000770000000)
 ParOldGen       total 105984K, used 11097K [0x00000006c0000000, 0x00000006c6780000, 0x000000076ab00000)
  object space 105984K, 10% used [0x00000006c0000000,0x00000006c0ad6528,0x00000006c6780000)
 Metaspace       used 21958K, capacity 23454K, committed 23680K, reserved 1069056K
  class space    used 3129K, capacity 3444K, committed 3456K, reserved 1048576K

Card table byte_map: [0x0000000108dac000,0x00000001095ad000] byte_map_base: 0x00000001057ac000

Marking Bits: (ParMarkBitMap*) 0x000000010a149e40
 Begin Bits: [0x000000011ac5c000, 0x000000011ec5c000)
 End Bits:   [0x000000011ec5c000, 0x0000000122c5c000)

Polling page: 0x00000001088d5000

CodeCache: size=245760Kb used=11462Kb max_used=11469Kb free=234297Kb
 bounds [0x000000010b706000, 0x000000010c246000, 0x000000011a706000]
 total_blobs=4356 nmethods=3668 adapters=602
 compilation: enabled

Compilation events (10 events):
Event: 18.673 Thread 0x00007f953c808800 3664       3       com.sun.prism.impl.ps.PaintHelper::initGradient (110 bytes)
Event: 18.674 Thread 0x00007f953c808800 nmethod 3664 0x000000010c237990 code [0x000000010c237b60, 0x000000010c2382d8]
Event: 18.685 Thread 0x00007f953e00b800 3666       4       java.util.concurrent.locks.AbstractQueuedSynchronizer::release (33 bytes)
Event: 18.689 Thread 0x00007f953e00b800 nmethod 3666 0x000000010c23df50 code [0x000000010c23e0c0, 0x000000010c23e2a8]
Event: 18.703 Thread 0x00007f953e814800 3667       4       java.util.WeakHashMap$Entry::getKey (8 bytes)
Event: 18.704 Thread 0x00007f953e814800 nmethod 3667 0x000000010c23e4d0 code [0x000000010c23e620, 0x000000010c23e6b8]
Event: 19.167 Thread 0x00007f953c808800 3668       3       com.sun.javafx.geom.RectBounds::intersectWith (82 bytes)
Event: 19.169 Thread 0x00007f953c808800 nmethod 3668 0x000000010c23d190 code [0x000000010c23d3a0, 0x000000010c23dd08]
Event: 19.171 Thread 0x00007f953c808800 3669       1       javafx.scene.layout.BorderStrokeStyle::getLineJoin (5 bytes)
Event: 19.171 Thread 0x00007f953c808800 nmethod 3669 0x000000010c23ced0 code [0x000000010c23d020, 0x000000010c23d130]

GC Heap History (4 events):
Event: 4.117 GC heap before
{Heap before GC invocations=1 (full 0):
 PSYoungGen      total 76288K, used 56929K [0x000000076ab00000, 0x0000000770000000, 0x00000007c0000000)
  eden space 65536K, 86% used [0x000000076ab00000,0x000000076e298468,0x000000076eb00000)
  from space 10752K, 0% used [0x000000076f580000,0x000000076f580000,0x0000000770000000)
  to   space 10752K, 0% used [0x000000076eb00000,0x000000076eb00000,0x000000076f580000)
 ParOldGen       total 175104K, used 0K [0x00000006c0000000, 0x00000006cab00000, 0x000000076ab00000)
  object space 175104K, 0% used [0x00000006c0000000,0x00000006c0000000,0x00000006cab00000)
 Metaspace       used 20095K, capacity 21266K, committed 21296K, reserved 1067008K
  class space    used 2912K, capacity 3198K, committed 3200K, reserved 1048576K
Event: 4.153 GC heap after
Heap after GC invocations=1 (full 0):
 PSYoungGen      total 76288K, used 10728K [0x000000076ab00000, 0x0000000770000000, 0x00000007c0000000)
  eden space 65536K, 0% used [0x000000076ab00000,0x000000076ab00000,0x000000076eb00000)
  from space 10752K, 99% used [0x000000076eb00000,0x000000076f57a2e0,0x000000076f580000)
  to   space 10752K, 0% used [0x000000076f580000,0x000000076f580000,0x0000000770000000)
 ParOldGen       total 175104K, used 2421K [0x00000006c0000000, 0x00000006cab00000, 0x000000076ab00000)
  object space 175104K, 1% used [0x00000006c0000000,0x00000006c025d510,0x00000006cab00000)
 Metaspace       used 20095K, capacity 21266K, committed 21296K, reserved 1067008K
  class space    used 2912K, capacity 3198K, committed 3200K, reserved 1048576K
}
Event: 4.153 GC heap before
{Heap before GC invocations=2 (full 1):
 PSYoungGen      total 76288K, used 10728K [0x000000076ab00000, 0x0000000770000000, 0x00000007c0000000)
  eden space 65536K, 0% used [0x000000076ab00000,0x000000076ab00000,0x000000076eb00000)
  from space 10752K, 99% used [0x000000076eb00000,0x000000076f57a2e0,0x000000076f580000)
  to   space 10752K, 0% used [0x000000076f580000,0x000000076f580000,0x0000000770000000)
 ParOldGen       total 175104K, used 2421K [0x00000006c0000000, 0x00000006cab00000, 0x000000076ab00000)
  object space 175104K, 1% used [0x00000006c0000000,0x00000006c025d510,0x00000006cab00000)
 Metaspace       used 20095K, capacity 21266K, committed 21296K, reserved 1067008K
  class space    used 2912K, capacity 3198K, committed 3200K, reserved 1048576K
Event: 4.177 GC heap after
Heap after GC invocations=2 (full 1):
 PSYoungGen      total 76288K, used 0K [0x000000076ab00000, 0x0000000770000000, 0x00000007c0000000)
  eden space 65536K, 0% used [0x000000076ab00000,0x000000076ab00000,0x000000076eb00000)
  from space 10752K, 0% used [0x000000076eb00000,0x000000076eb00000,0x000000076f580000)
  to   space 10752K, 0% used [0x000000076f580000,0x000000076f580000,0x0000000770000000)
 ParOldGen       total 105984K, used 11097K [0x00000006c0000000, 0x00000006c6780000, 0x000000076ab00000)
  object space 105984K, 10% used [0x00000006c0000000,0x00000006c0ad6528,0x00000006c6780000)
 Metaspace       used 20095K, capacity 21266K, committed 21296K, reserved 1067008K
  class space    used 2912K, capacity 3198K, committed 3200K, reserved 1048576K
}

Deoptimization events (10 events):
Event: 4.280 Thread 0x00007f953d0c5800 Uncommon trap: reason=array_check action=maybe_recompile pc=0x000000010be75190 method=com.sun.javafx.css.CompoundSelector.applies(Ljavafx/css/Styleable;[Ljava/util/Set;I)Z @ 128
Event: 4.303 Thread 0x00007f953d0c5800 Uncommon trap: reason=unstable_if action=reinterpret pc=0x000000010bc1c270 method=javafx.scene.CssStyleHelper.lookup(Ljavafx/css/Styleable;Ljavafx/css/CssMetaData;Lcom/sun/javafx/css/StyleMap;Ljava/util/Set;Ljavafx/css/Styleable;Lcom/sun/javafx/css/Calcul
Event: 4.325 Thread 0x00007f953d0c5800 Uncommon trap: reason=bimorphic action=maybe_recompile pc=0x000000010bcfe8d8 method=javafx.beans.property.BooleanPropertyBase.get()Z @ 23
Event: 4.326 Thread 0x00007f953d0c5800 Uncommon trap: reason=bimorphic action=maybe_recompile pc=0x000000010bcfe8d8 method=javafx.beans.property.BooleanPropertyBase.get()Z @ 23
Event: 4.326 Thread 0x00007f953d0c5800 Uncommon trap: reason=bimorphic action=maybe_recompile pc=0x000000010bcfe8d8 method=javafx.beans.property.BooleanPropertyBase.get()Z @ 23
Event: 4.332 Thread 0x00007f953d0c5800 Uncommon trap: reason=unstable_if action=reinterpret pc=0x000000010bdae0e4 method=javafx.scene.CssStyleHelper.resolveRef(Ljavafx/css/Styleable;Ljava/lang/String;Lcom/sun/javafx/css/StyleMap;Ljava/util/Set;)Lcom/sun/javafx/css/CascadingStyle; @ 66
Event: 5.348 Thread 0x00007f953d0c5800 Uncommon trap: reason=class_check action=maybe_recompile pc=0x000000010bec7d1c method=javafx.scene.Node.updateLocalToParentTransform()V @ 11
Event: 5.350 Thread 0x00007f953d0c5800 Uncommon trap: reason=class_check action=maybe_recompile pc=0x000000010bec7d1c method=javafx.scene.Node.updateLocalToParentTransform()V @ 11
Event: 5.351 Thread 0x00007f953d0c5800 Uncommon trap: reason=class_check action=maybe_recompile pc=0x000000010bec7d1c method=javafx.scene.Node.updateLocalToParentTransform()V @ 11
Event: 5.352 Thread 0x00007f953d0c5800 Uncommon trap: reason=class_check action=maybe_recompile pc=0x000000010bec7d1c method=javafx.scene.Node.updateLocalToParentTransform()V @ 11

Classes redefined (0 events):
No events

Internal exceptions (10 events):
Event: 0.877 Thread 0x00007f953d0c5800 Exception <a 'java/lang/ArrayIndexOutOfBoundsException'> (0x000000076bf832e8) thrown at [/Users/java_re/workspace/8-2-build-macosx-x86_64/jdk8u202/12323/hotspot/src/share/vm/runtime/sharedRuntime.cpp, line 605]
Event: 0.877 Thread 0x00007f953d0c5800 Exception <a 'java/lang/ArrayIndexOutOfBoundsException'> (0x000000076bf83e00) thrown at [/Users/java_re/workspace/8-2-build-macosx-x86_64/jdk8u202/12323/hotspot/src/share/vm/runtime/sharedRuntime.cpp, line 605]
Event: 0.877 Thread 0x00007f953d0c5800 Exception <a 'java/lang/ArrayIndexOutOfBoundsException'> (0x000000076bf851a8) thrown at [/Users/java_re/workspace/8-2-build-macosx-x86_64/jdk8u202/12323/hotspot/src/share/vm/runtime/sharedRuntime.cpp, line 605]
Event: 1.251 Thread 0x00007f953d0c5800 Exception <a 'java/lang/ArrayIndexOutOfBoundsException'> (0x000000076c87ac90) thrown at [/Users/java_re/workspace/8-2-build-macosx-x86_64/jdk8u202/12323/hotspot/src/share/vm/runtime/sharedRuntime.cpp, line 605]
Event: 1.251 Thread 0x00007f953d0c5800 Exception <a 'java/lang/ArrayIndexOutOfBoundsException'> (0x000000076c87baa8) thrown at [/Users/java_re/workspace/8-2-build-macosx-x86_64/jdk8u202/12323/hotspot/src/share/vm/runtime/sharedRuntime.cpp, line 605]
Event: 1.251 Thread 0x00007f953d0c5800 Exception <a 'java/lang/ArrayIndexOutOfBoundsException'> (0x000000076c87d318) thrown at [/Users/java_re/workspace/8-2-build-macosx-x86_64/jdk8u202/12323/hotspot/src/share/vm/runtime/sharedRuntime.cpp, line 605]
Event: 1.266 Thread 0x00007f953d0c5800 Implicit null exception at 0x000000010b9d50b5 to 0x000000010b9d545d
Event: 1.345 Thread 0x00007f953d0c5800 Exception <a 'sun/nio/fs/UnixException'> (0x000000076cacbe78) thrown at [/Users/java_re/workspace/8-2-build-macosx-x86_64/jdk8u202/12323/hotspot/src/share/vm/prims/jni.cpp, line 710]
Event: 1.350 Thread 0x00007f953d0c5800 Exception <a 'sun/nio/fs/UnixException'> (0x000000076cad3350) thrown at [/Users/java_re/workspace/8-2-build-macosx-x86_64/jdk8u202/12323/hotspot/src/share/vm/prims/jni.cpp, line 710]
Event: 1.914 Thread 0x00007f953d0c5800 Implicit null exception at 0x000000010bb8b383 to 0x000000010bb8b8b1

Events (10 events):
Event: 12.357 loading class com/sun/glass/ui/mac/MacVariant
Event: 12.357 loading class com/sun/glass/ui/mac/MacVariant done
Event: 13.043 loading class com/sun/javafx/scene/control/skin/TextAreaSkin
Event: 13.043 loading class com/sun/javafx/scene/control/skin/TextAreaSkin done
Event: 15.577 loading class java/util/WeakHashMap$1
Event: 15.577 loading class java/util/WeakHashMap$1 done
Event: 17.801 Thread 0x00007f953c9b8800 DEOPT PACKING pc=0x000000010beeee83 sp=0x0000000305cbf110
Event: 17.801 Thread 0x00007f953c9b8800 DEOPT UNPACKING pc=0x000000010b74d384 sp=0x0000000305cbee58 mode 0
Event: 17.985 loading class java/lang/ref/ReferenceQueue$1
Event: 17.986 loading class java/lang/ref/ReferenceQueue$1 done


Dynamic libraries:
0x00007ff81a87c000 	/System/Library/Frameworks/Cocoa.framework/Versions/A/Cocoa
0x00007ff80611d000 	/System/Library/Frameworks/AppKit.framework/Versions/C/AppKit
0x00007ff80966d000 	/System/Library/Frameworks/CoreData.framework/Versions/A/CoreData
0x00007ff804538000 	/System/Library/Frameworks/Foundation.framework/Versions/C/Foundation
0x00007ff80e960000 	/usr/lib/libSystem.B.dylib
0x00007ff806faa000 	/System/Library/PrivateFrameworks/UIFoundation.framework/Versions/A/UIFoundation
0x00007ff814854000 	/System/Library/PrivateFrameworks/RemoteViewServices.framework/Versions/A/RemoteViewServices
0x00007ff80cb53000 	/System/Library/PrivateFrameworks/XCTTargetBootstrap.framework/Versions/A/XCTTargetBootstrap
0x00007ff81082b000 	/System/Library/PrivateFrameworks/InternationalSupport.framework/Versions/A/InternationalSupport
0x00007ff8108b5000 	/System/Library/PrivateFrameworks/UserActivity.framework/Versions/A/UserActivity
0x00007ff80fc12000 	/usr/lib/libspindump.dylib
0x00007ff807238000 	/System/Library/Frameworks/UniformTypeIdentifiers.framework/Versions/A/UniformTypeIdentifiers
0x00007ff80b292000 	/usr/lib/libapp_launch_measurement.dylib
0x00007ff80a047000 	/System/Library/PrivateFrameworks/CoreAnalytics.framework/Versions/A/CoreAnalytics
0x00007ff80b295000 	/System/Library/PrivateFrameworks/CoreAutoLayout.framework/Versions/A/CoreAutoLayout
0x00007ff80c4b4000 	/System/Library/Frameworks/Metal.framework/Versions/A/Metal
0x00007ff80d1cb000 	/usr/lib/liblangid.dylib
0x00007ff80cb57000 	/System/Library/PrivateFrameworks/CoreSVG.framework/Versions/A/CoreSVG
0x00007ff8085fa000 	/System/Library/PrivateFrameworks/SkyLight.framework/Versions/A/SkyLight
0x00007ff80898b000 	/System/Library/Frameworks/CoreGraphics.framework/Versions/A/CoreGraphics
0x00007ff814ebf000 	/System/Library/Frameworks/Accelerate.framework/Versions/A/Accelerate
0x00007ff80f68d000 	/System/Library/PrivateFrameworks/IconServices.framework/Versions/A/IconServices
0x00007ff80c499000 	/System/Library/Frameworks/IOSurface.framework/Versions/A/IOSurface
0x00007ff80a075000 	/usr/lib/libDiagnosticMessagesClient.dylib
0x00007ff80e87a000 	/usr/lib/libz.1.dylib
0x00007ff81851e000 	/System/Library/Frameworks/ApplicationServices.framework/Versions/A/ApplicationServices
0x00007ff80cb3f000 	/System/Library/PrivateFrameworks/DFRFoundation.framework/Versions/A/DFRFoundation
0x00007ff805a0e000 	/usr/lib/libicucore.A.dylib
0x00007ff81154d000 	/System/Library/Frameworks/AudioToolbox.framework/Versions/A/AudioToolbox
0x00007ff810837000 	/System/Library/PrivateFrameworks/DataDetectorsCore.framework/Versions/A/DataDetectorsCore
0x00007ff90bfcc000 	/System/Library/PrivateFrameworks/TextInput.framework/Versions/A/TextInput
0x00007ff80857d000 	/usr/lib/libMobileGestalt.dylib
0x00007ff80c847000 	/System/Library/Frameworks/Carbon.framework/Versions/A/Frameworks/HIToolbox.framework/Versions/A/HIToolbox
0x00007ff80acc0000 	/System/Library/Frameworks/QuartzCore.framework/Versions/A/QuartzCore
0x00007ff8056af000 	/System/Library/Frameworks/Security.framework/Versions/A/Security
0x00007ff81488c000 	/System/Library/Frameworks/Carbon.framework/Versions/A/Frameworks/SpeechRecognition.framework/Versions/A/SpeechRecognition
0x00007ff80aff2000 	/System/Library/PrivateFrameworks/CoreUI.framework/Versions/A/CoreUI
0x00007ff804f89000 	/System/Library/Frameworks/CoreAudio.framework/Versions/A/CoreAudio
0x00007ff80a163000 	/System/Library/Frameworks/DiskArbitration.framework/Versions/A/DiskArbitration
0x00007ff80fff5000 	/System/Library/PrivateFrameworks/MultitouchSupport.framework/Versions/A/MultitouchSupport
0x00007ff80857c000 	/usr/lib/libenergytrace.dylib
0x00007ff806009000 	/System/Library/Frameworks/IOKit.framework/Versions/A/IOKit
0x00007ff814c76000 	/System/Library/Frameworks/CoreServices.framework/Versions/A/CoreServices
0x00007ff80b22c000 	/System/Library/PrivateFrameworks/PerformanceAnalysis.framework/Versions/A/PerformanceAnalysis
0x00007ffa1ba3b000 	/System/Library/Frameworks/OpenGL.framework/Versions/A/OpenGL
0x00007ff80deb2000 	/System/Library/PrivateFrameworks/MobileKeyBag.framework/Versions/A/MobileKeyBag
0x00007ff8035d0000 	/usr/lib/libobjc.A.dylib
0x00007ff8090ba000 	/System/Library/Frameworks/ColorSync.framework/Versions/A/ColorSync
0x00007ff80378c000 	/System/Library/Frameworks/CoreFoundation.framework/Versions/A/CoreFoundation
0x00007ff80cdd2000 	/System/Library/Frameworks/CoreImage.framework/Versions/A/CoreImage
0x00007ff804d9f000 	/System/Library/Frameworks/CoreText.framework/Versions/A/CoreText
0x00007ff80cb86000 	/System/Library/Frameworks/ImageIO.framework/Versions/A/ImageIO
0x00007ff80e966000 	/System/Library/PrivateFrameworks/SoftLinking.framework/Versions/A/SoftLinking
0x00007ff80b2dd000 	/usr/lib/libxml2.2.dylib
0x00007ff803699000 	/usr/lib/libc++.1.dylib
0x00007ff80ebe6000 	/usr/lib/libcompression.dylib
0x00007ff810761000 	/System/Library/PrivateFrameworks/TextureIO.framework/Versions/A/TextureIO
0x00007ff80f306000 	/usr/lib/libate.dylib
0x00007ff80e95b000 	/usr/lib/system/libcache.dylib
0x00007ff80e917000 	/usr/lib/system/libcommonCrypto.dylib
0x00007ff80e940000 	/usr/lib/system/libcompiler_rt.dylib
0x00007ff80e936000 	/usr/lib/system/libcopyfile.dylib
0x00007ff8034ca000 	/usr/lib/system/libcorecrypto.dylib
0x00007ff803589000 	/usr/lib/system/libdispatch.dylib
0x00007ff80374b000 	/usr/lib/system/libdyld.dylib
0x00007ff80e952000 	/usr/lib/system/libkeymgr.dylib
0x00007ff80e8f5000 	/usr/lib/system/libmacho.dylib
0x00007ff80df86000 	/usr/lib/system/libquarantine.dylib
0x00007ff80e950000 	/usr/lib/system/libremovefile.dylib
0x00007ff8085c9000 	/usr/lib/system/libsystem_asl.dylib
0x00007ff803478000 	/usr/lib/system/libsystem_blocks.dylib
0x00007ff803610000 	/usr/lib/system/libsystem_c.dylib
0x00007ff80e948000 	/usr/lib/system/libsystem_collections.dylib
0x00007ff80d1bc000 	/usr/lib/system/libsystem_configuration.dylib
0x00007ff80c47c000 	/usr/lib/system/libsystem_containermanager.dylib
0x00007ff80e62e000 	/usr/lib/system/libsystem_coreservices.dylib
0x00007ff805c97000 	/usr/lib/system/libsystem_darwin.dylib
0x00007ff80e953000 	/usr/lib/system/libsystem_dnssd.dylib
0x00007ff80360d000 	/usr/lib/system/libsystem_featureflags.dylib
0x00007ff803761000 	/usr/lib/system/libsystem_info.dylib
0x00007ff80e88d000 	/usr/lib/system/libsystem_m.dylib
0x00007ff80355d000 	/usr/lib/system/libsystem_malloc.dylib
0x00007ff808566000 	/usr/lib/system/libsystem_networkextension.dylib
0x00007ff8060bf000 	/usr/lib/system/libsystem_notify.dylib
0x00007ff814b4d000 	/usr/lib/system/libsystem_product_info_filter.dylib
0x00007ff80d1c0000 	/usr/lib/system/libsystem_sandbox.dylib
0x00007ff80e94d000 	/usr/lib/system/libsystem_secinit.dylib
0x00007ff803708000 	/usr/lib/system/libsystem_kernel.dylib
0x00007ff803757000 	/usr/lib/system/libsystem_platform.dylib
0x00007ff80373f000 	/usr/lib/system/libsystem_pthread.dylib
0x00007ff809e8d000 	/usr/lib/system/libsystem_symptoms.dylib
0x00007ff8034b1000 	/usr/lib/system/libsystem_trace.dylib
0x00007ff80e923000 	/usr/lib/system/libunwind.dylib
0x00007ff80347a000 	/usr/lib/system/libxpc.dylib
0x00007ff8036f2000 	/usr/lib/libc++abi.dylib
0x00007ff80e92e000 	/usr/lib/liboah.dylib
0x00007ff80f0bf000 	/usr/lib/liblzma.5.dylib
0x00007ff804249000 	/System/Library/Frameworks/SystemConfiguration.framework/Versions/A/SystemConfiguration
0x00007ff80e962000 	/usr/lib/libfakelink.dylib
0x00007ff8080d0000 	/System/Library/Frameworks/CFNetwork.framework/Versions/A/CFNetwork
0x00007ff80eaa1000 	/usr/lib/libarchive.2.dylib
0x00007ff80d1c7000 	/System/Library/PrivateFrameworks/AppleSystemInfo.framework/Versions/A/AppleSystemInfo
0x00007ff80dfac000 	/usr/lib/libbsm.0.dylib
0x00007ff807707000 	/usr/lib/libnetwork.dylib
0x00007ff80e8fb000 	/usr/lib/system/libkxld.dylib
0x00007ff80dbdb000 	/System/Library/PrivateFrameworks/IOMobileFramebuffer.framework/Versions/A/IOMobileFramebuffer
0x00007ffb193dd000 	/usr/lib/libCoreEntitlements.dylib
0x00007ff80e610000 	/System/Library/PrivateFrameworks/AppleFSCompression.framework/Versions/A/AppleFSCompression
0x00007ff80df95000 	/usr/lib/libcoretls.dylib
0x00007ff80f0d9000 	/usr/lib/libcoretls_cfhelpers.dylib
0x00007ff80ebe1000 	/usr/lib/libpam.2.dylib
0x00007ff809ab3000 	/usr/lib/libsqlite3.dylib
0x00007ff80f148000 	/usr/lib/libxar.1.dylib
0x00007ff80e620000 	/usr/lib/libbz2.1.0.dylib
0x00007ff80e967000 	/usr/lib/libpcap.A.dylib
0x00007ff809e84000 	/usr/lib/libdns_services.dylib
0x00007ff80ebb3000 	/usr/lib/libapple_nghttp2.dylib
0x00007ff80e99e000 	/usr/lib/libiconv.2.dylib
0x00007ff80e8f4000 	/usr/lib/libcharset.1.dylib
0x00007ff80b260000 	/System/Library/Frameworks/CoreServices.framework/Versions/A/Frameworks/FSEvents.framework/Versions/A/FSEvents
0x00007ff805ca1000 	/System/Library/Frameworks/CoreServices.framework/Versions/A/Frameworks/CarbonCore.framework/Versions/A/CarbonCore
0x00007ff80a0c8000 	/System/Library/Frameworks/CoreServices.framework/Versions/A/Frameworks/Metadata.framework/Versions/A/Metadata
0x00007ff80e633000 	/System/Library/Frameworks/CoreServices.framework/Versions/A/Frameworks/OSServices.framework/Versions/A/OSServices
0x00007ff80eb27000 	/System/Library/Frameworks/CoreServices.framework/Versions/A/Frameworks/SearchKit.framework/Versions/A/SearchKit
0x00007ff809e16000 	/System/Library/Frameworks/CoreServices.framework/Versions/A/Frameworks/AE.framework/Versions/A/AE
0x00007ff803c8d000 	/System/Library/Frameworks/CoreServices.framework/Versions/A/Frameworks/LaunchServices.framework/Versions/A/LaunchServices
0x00007ff80f070000 	/System/Library/Frameworks/CoreServices.framework/Versions/A/Frameworks/DictionaryServices.framework/Versions/A/DictionaryServices
0x00007ff80b26d000 	/System/Library/Frameworks/CoreServices.framework/Versions/A/Frameworks/SharedFileList.framework/Versions/A/SharedFileList
0x00007ff80df89000 	/usr/lib/libCheckFix.dylib
0x00007ff8085e0000 	/System/Library/PrivateFrameworks/TCC.framework/Versions/A/TCC
0x00007ff80d1cd000 	/System/Library/PrivateFrameworks/CoreNLP.framework/Versions/A/CoreNLP
0x00007ff80a078000 	/System/Library/PrivateFrameworks/MetadataUtilities.framework/Versions/A/MetadataUtilities
0x00007ff8042f9000 	/usr/lib/libmecabra.dylib
0x00007ff80dfbc000 	/usr/lib/libmecab.dylib
0x00007ff8042c4000 	/usr/lib/libCRFSuite.dylib
0x00007ff80e019000 	/usr/lib/libgermantok.dylib
0x00007ff80eb8e000 	/usr/lib/libThaiTokenizer.dylib
0x00007ff80a16a000 	/System/Library/Frameworks/Accelerate.framework/Versions/A/Frameworks/vImage.framework/Versions/A/vImage
0x00007ff814c4d000 	/System/Library/Frameworks/Accelerate.framework/Versions/A/Frameworks/vecLib.framework/Versions/A/vecLib
0x00007ff80f189000 	/System/Library/Frameworks/Accelerate.framework/Versions/A/Frameworks/vecLib.framework/Versions/A/libvMisc.dylib
0x00007ff80d9cf000 	/System/Library/Frameworks/Accelerate.framework/Versions/A/Frameworks/vecLib.framework/Versions/A/libvDSP.dylib
0x00007ff804005000 	/System/Library/Frameworks/Accelerate.framework/Versions/A/Frameworks/vecLib.framework/Versions/A/libBLAS.dylib
0x00007ff80ecc3000 	/System/Library/Frameworks/Accelerate.framework/Versions/A/Frameworks/vecLib.framework/Versions/A/libLAPACK.dylib
0x00007ff80e01c000 	/System/Library/Frameworks/Accelerate.framework/Versions/A/Frameworks/vecLib.framework/Versions/A/libLinearAlgebra.dylib
0x00007ff80ebcc000 	/System/Library/Frameworks/Accelerate.framework/Versions/A/Frameworks/vecLib.framework/Versions/A/libSparseBLAS.dylib
0x00007ff80ecbd000 	/System/Library/Frameworks/Accelerate.framework/Versions/A/Frameworks/vecLib.framework/Versions/A/libQuadrature.dylib
0x00007ff80d2b7000 	/System/Library/Frameworks/Accelerate.framework/Versions/A/Frameworks/vecLib.framework/Versions/A/libBNNS.dylib
0x00007ff8041da000 	/System/Library/Frameworks/Accelerate.framework/Versions/A/Frameworks/vecLib.framework/Versions/A/libSparse.dylib
0x00007ff80d2b0000 	/System/Library/PrivateFrameworks/LinguisticData.framework/Versions/A/LinguisticData
0x00007ff80418f000 	/System/Library/PrivateFrameworks/Lexicon.framework/Versions/A/Lexicon
0x00007ff80f182000 	/usr/lib/libChineseTokenizer.dylib
0x00007ff8048f3000 	/System/Library/PrivateFrameworks/LanguageModeling.framework/Versions/A/LanguageModeling
0x00007ff80eb90000 	/System/Library/PrivateFrameworks/AppleSauce.framework/Versions/A/AppleSauce
0x00007ff80dbc9000 	/System/Library/PrivateFrameworks/CoreEmoji.framework/Versions/A/CoreEmoji
0x00007ff80ea90000 	/usr/lib/libcmph.dylib
0x00007ff80b244000 	/System/Library/Frameworks/OpenDirectory.framework/Versions/A/Frameworks/CFOpenDirectory.framework/Versions/A/CFOpenDirectory
0x00007ff80b238000 	/System/Library/Frameworks/OpenDirectory.framework/Versions/A/OpenDirectory
0x00007ff80f0db000 	/System/Library/PrivateFrameworks/APFS.framework/Versions/A/APFS
0x00007ff80deea000 	/System/Library/Frameworks/SecurityFoundation.framework/Versions/A/SecurityFoundation
0x00007ff80f156000 	/usr/lib/libutil.dylib
0x00007ff805fcc000 	/System/Library/PrivateFrameworks/CoreServicesStore.framework/Versions/A/CoreServicesStore
0x00007ff80f15a000 	/usr/lib/libxslt.1.dylib
0x00007ff80df77000 	/System/Library/PrivateFrameworks/BackgroundTaskManagement.framework/Versions/A/BackgroundTaskManagement
0x00007ff810683000 	/System/Library/Frameworks/ImageIO.framework/Versions/A/Resources/libRadiance.dylib
0x00007ff81068c000 	/System/Library/Frameworks/ImageIO.framework/Versions/A/Resources/libJPEG.dylib
0x00007ff8105dd000 	/System/Library/Frameworks/ImageIO.framework/Versions/A/Resources/libPng.dylib
0x00007ff8105fe000 	/System/Library/Frameworks/ImageIO.framework/Versions/A/Resources/libTIFF.dylib
0x00007ff8106ea000 	/System/Library/Frameworks/ImageIO.framework/Versions/A/Resources/libGIF.dylib
0x00007ff80ff12000 	/System/Library/Frameworks/ImageIO.framework/Versions/A/Resources/libJP2.dylib
0x00007ff80f654000 	/usr/lib/libexpat.1.dylib
0x00007ff80fec7000 	/System/Library/PrivateFrameworks/AppleJPEG.framework/Versions/A/AppleJPEG
0x00007ff80c70e000 	/System/Library/PrivateFrameworks/FontServices.framework/libFontParser.dylib
0x00007ff809dc0000 	/System/Library/PrivateFrameworks/RunningBoardServices.framework/Versions/A/RunningBoardServices
0x00007ff81aded000 	/System/Library/PrivateFrameworks/IOSurfaceAccelerator.framework/Versions/A/IOSurfaceAccelerator
0x00007ff80fff1000 	/System/Library/PrivateFrameworks/WatchdogClient.framework/Versions/A/WatchdogClient
0x00007ff8049e2000 	/System/Library/Frameworks/CoreDisplay.framework/Versions/A/CoreDisplay
0x00007ff80c60e000 	/System/Library/Frameworks/CoreMedia.framework/Versions/A/CoreMedia
0x00007ff80c4ab000 	/System/Library/PrivateFrameworks/IOAccelerator.framework/Versions/A/IOAccelerator
0x00007ff80b3c0000 	/System/Library/Frameworks/CoreVideo.framework/Versions/A/CoreVideo
0x00007ff80ebdf000 	/System/Library/Frameworks/MetalPerformanceShaders.framework/Versions/A/MetalPerformanceShaders
0x00007ff81002c000 	/System/Library/Frameworks/VideoToolbox.framework/Versions/A/VideoToolbox
0x00007ff809d08000 	/System/Library/PrivateFrameworks/BaseBoard.framework/Versions/A/BaseBoard
0x00007ff809a99000 	/System/Library/PrivateFrameworks/ProtocolBuffer.framework/Versions/A/ProtocolBuffer
0x00007ff81067c000 	/System/Library/PrivateFrameworks/GPUWrangler.framework/Versions/A/GPUWrangler
0x00007ff81065f000 	/System/Library/PrivateFrameworks/IOPresentment.framework/Versions/A/IOPresentment
0x00007ff810686000 	/System/Library/PrivateFrameworks/DSExternalDisplay.framework/Versions/A/DSExternalDisplay
0x00007ffa1ba2f000 	/System/Library/Frameworks/OpenGL.framework/Versions/A/Libraries/libCoreFSCache.dylib
0x00007ffb079dc000 	/System/Library/PrivateFrameworks/GPUCompiler.framework/Versions/31001/Libraries/libGPUCompilerUtils.dylib
0x00007ff8106ef000 	/System/Library/PrivateFrameworks/CMCaptureCore.framework/Versions/A/CMCaptureCore
0x00007ff80fc00000 	/System/Library/PrivateFrameworks/AppServerSupport.framework/Versions/A/AppServerSupport
0x00007ff811dca000 	/System/Library/PrivateFrameworks/perfdata.framework/Versions/A/perfdata
0x00007ff804b0e000 	/System/Library/PrivateFrameworks/AudioToolboxCore.framework/Versions/A/AudioToolboxCore
0x00007ff80c5eb000 	/System/Library/PrivateFrameworks/caulk.framework/Versions/A/caulk
0x00007ff8116f7000 	/usr/lib/libAudioStatistics.dylib
0x00007ff90888b000 	/System/Library/PrivateFrameworks/SystemPolicy.framework/Versions/A/SystemPolicy
0x00007ff811943000 	/usr/lib/libSMC.dylib
0x00007ff81a72f000 	/System/Library/Frameworks/CoreMIDI.framework/Versions/A/CoreMIDI
0x00007ff8105ad000 	/usr/lib/libAudioToolboxUtility.dylib
0x00007ff904d13000 	/System/Library/PrivateFrameworks/OSAServicesClient.framework/Versions/A/OSAServicesClient
0x00007ff811dd7000 	/usr/lib/libperfcheck.dylib
0x00007ff909317000 	/usr/lib/libmis.dylib
0x00007ffa1ba8b000 	/System/Library/Frameworks/OpenGL.framework/Versions/A/Libraries/libGLU.dylib
0x00007ffa1ba4e000 	/System/Library/Frameworks/OpenGL.framework/Versions/A/Libraries/libGFXShared.dylib
0x00007ffa1bc5c000 	/System/Library/Frameworks/OpenGL.framework/Versions/A/Libraries/libGL.dylib
0x00007ffa1ba57000 	/System/Library/Frameworks/OpenGL.framework/Versions/A/Libraries/libGLImage.dylib
0x00007ffa1ba4b000 	/System/Library/Frameworks/OpenGL.framework/Versions/A/Libraries/libCVMSPluginSupport.dylib
0x00007ffa1ba36000 	/System/Library/Frameworks/OpenGL.framework/Versions/A/Libraries/libCoreVMClient.dylib
0x00007ff80d14b000 	/System/Library/Frameworks/MetalPerformanceShaders.framework/Versions/A/Frameworks/MPSCore.framework/Versions/A/MPSCore
0x00007ff80e57b000 	/System/Library/Frameworks/MetalPerformanceShaders.framework/Versions/A/Frameworks/MPSImage.framework/Versions/A/MPSImage
0x00007ff80e032000 	/System/Library/Frameworks/MetalPerformanceShaders.framework/Versions/A/Frameworks/MPSNeuralNetwork.framework/Versions/A/MPSNeuralNetwork
0x00007ff80e4a7000 	/System/Library/Frameworks/MetalPerformanceShaders.framework/Versions/A/Frameworks/MPSMatrix.framework/Versions/A/MPSMatrix
0x00007ff80e263000 	/System/Library/Frameworks/MetalPerformanceShaders.framework/Versions/A/Frameworks/MPSRayIntersector.framework/Versions/A/MPSRayIntersector
0x00007ff80e4e0000 	/System/Library/Frameworks/MetalPerformanceShaders.framework/Versions/A/Frameworks/MPSNDArray.framework/Versions/A/MPSNDArray
0x00007ffa20634000 	/System/Library/Frameworks/MetalPerformanceShaders.framework/Versions/A/Frameworks/MPSFunctions.framework/Versions/A/MPSFunctions
0x00007ff803ee8000 	/System/Library/PrivateFrameworks/MetalTools.framework/Versions/A/MetalTools
0x00007ff80d1c5000 	/System/Library/PrivateFrameworks/AggregateDictionary.framework/Versions/A/AggregateDictionary
0x00007ff80f436000 	/usr/lib/libIOReport.dylib
0x00007ffa1d06b000 	/System/Library/Frameworks/OpenCL.framework/Versions/A/OpenCL
0x00007ff80f79a000 	/System/Library/PrivateFrameworks/FaceCore.framework/Versions/A/FaceCore
0x00007ff80f78b000 	/System/Library/PrivateFrameworks/GraphVisualizer.framework/Versions/A/GraphVisualizer
0x00007ffb078e7000 	/System/Library/PrivateFrameworks/FontServices.framework/Versions/A/FontServices
0x00007ff80fbb7000 	/System/Library/PrivateFrameworks/OTSVG.framework/Versions/A/OTSVG
0x00007ff80afa8000 	/System/Library/Frameworks/ApplicationServices.framework/Versions/A/Frameworks/ATS.framework/Versions/A/Resources/libFontRegistry.dylib
0x00007ff80fc08000 	/System/Library/PrivateFrameworks/FontServices.framework/libhvf.dylib
0x00007ffb078e8000 	/System/Library/PrivateFrameworks/FontServices.framework/libXTFontStaticRegistryData.dylib
0x00007ff80f604000 	/System/Library/PrivateFrameworks/AppleVA.framework/Versions/A/AppleVA
0x00007ff811717000 	/System/Library/Frameworks/ApplicationServices.framework/Versions/A/Frameworks/ATS.framework/Versions/A/ATS
0x00007ff8091b6000 	/System/Library/Frameworks/ApplicationServices.framework/Versions/A/Frameworks/HIServices.framework/Versions/A/HIServices
0x00007ff8106f9000 	/System/Library/Frameworks/ApplicationServices.framework/Versions/A/Frameworks/PrintCore.framework/Versions/A/PrintCore
0x00007ff811a96000 	/System/Library/Frameworks/ApplicationServices.framework/Versions/A/Frameworks/QD.framework/Versions/A/QD
0x00007ff811a8e000 	/System/Library/Frameworks/ApplicationServices.framework/Versions/A/Frameworks/ColorSyncLegacy.framework/Versions/A/ColorSyncLegacy
0x00007ff811707000 	/System/Library/Frameworks/ApplicationServices.framework/Versions/A/Frameworks/SpeechSynthesis.framework/Versions/A/SpeechSynthesis
0x00007ff8106ba000 	/System/Library/Frameworks/ApplicationServices.framework/Versions/A/Frameworks/ATSUI.framework/Versions/A/ATSUI
0x00007ff811a23000 	/usr/lib/libcups.2.dylib
0x00007ff811de6000 	/System/Library/Frameworks/Kerberos.framework/Versions/A/Kerberos
0x00007ff811df5000 	/System/Library/Frameworks/GSS.framework/Versions/A/GSS
0x00007ff811783000 	/usr/lib/libresolv.9.dylib
0x00007ff80fc17000 	/System/Library/PrivateFrameworks/Heimdal.framework/Versions/A/Heimdal
0x00007ff818899000 	/System/Library/Frameworks/Kerberos.framework/Versions/A/Libraries/libHeimdalProxy.dylib
0x00007ff809e95000 	/System/Library/Frameworks/Network.framework/Versions/A/Network
0x00007ff80f66e000 	/usr/lib/libheimdal-asn1.dylib
0x00007ff811e40000 	/System/Library/PrivateFrameworks/CommonAuth.framework/Versions/A/CommonAuth
0x00007ff811688000 	/System/Library/PrivateFrameworks/AudioSession.framework/Versions/A/AudioSession
0x00007ff80f6fe000 	/System/Library/PrivateFrameworks/MediaExperience.framework/Versions/A/MediaExperience
0x00007ff81151c000 	/System/Library/PrivateFrameworks/AudioSession.framework/libSessionUtility.dylib
0x00007ff811aa2000 	/System/Library/PrivateFrameworks/AudioResourceArbitration.framework/Versions/A/AudioResourceArbitration
0x00007ff80f677000 	/System/Library/PrivateFrameworks/IconFoundation.framework/Versions/A/IconFoundation
0x00007ff81487c000 	/System/Library/PrivateFrameworks/SpeechRecognitionCore.framework/Versions/A/SpeechRecognitionCore
0x000000010984e000 	/Library/Internet Plug-Ins/JavaAppletPlugin.plugin/Contents/Home/lib/server/libjvm.dylib
0x00007ffb19e73000 	/usr/lib/libstdc++.6.dylib
0x00000001088e2000 	/Library/Internet Plug-Ins/JavaAppletPlugin.plugin/Contents/Home/lib/libverify.dylib
0x0000000108937000 	/Library/Internet Plug-Ins/JavaAppletPlugin.plugin/Contents/Home/lib/libjava.dylib
0x000000010890b000 	/Library/Internet Plug-Ins/JavaAppletPlugin.plugin/Contents/Home/lib/libzip.dylib
0x0000000125b9d000 	/Library/Internet Plug-Ins/JavaAppletPlugin.plugin/Contents/Home/lib/libprism_es2.dylib
0x00007ff805f8d000 	/System/Library/PrivateFrameworks/CoreServicesInternal.framework/Versions/A/CoreServicesInternal
0x00007ffa1bc67000 	/System/Library/Frameworks/OpenGL.framework/Versions/A/Resources/GLEngine.bundle/GLEngine
0x00007ffa1bac9000 	/System/Library/Frameworks/OpenGL.framework/Versions/A/Libraries/libGLProgrammability.dylib
0x0000000125e2e000 	/System/Library/Extensions/AppleMetalOpenGLRenderer.bundle/Contents/MacOS/AppleMetalOpenGLRenderer
0x00007ffa1bdf6000 	/System/Library/Frameworks/OpenGL.framework/Versions/A/Resources/GLRendererFloat.bundle/GLRendererFloat
0x00007ffa119ee000 	/System/Library/Extensions/AGXMetalG13X.bundle/Contents/MacOS/AGXMetalG13X
0x00007ff909332000 	/System/Library/PrivateFrameworks/GPURawCounter.framework/Versions/A/GPURawCounter
0x00007ff903eaf000 	/System/Library/PrivateFrameworks/IOGPU.framework/Versions/A/IOGPU
0x0000000125fb1000 	/Library/Internet Plug-Ins/JavaAppletPlugin.plugin/Contents/Home/lib/libglass.dylib
0x00007ff81604d000 	/System/Library/Frameworks/FileProvider.framework/Versions/A/FileProvider
0x00007ff809c74000 	/System/Library/Frameworks/Accounts.framework/Versions/A/Accounts
0x00007ff8161c5000 	/System/Library/PrivateFrameworks/GenerationalStorage.framework/Versions/A/GenerationalStorage
0x00007ff816cd2000 	/System/Library/PrivateFrameworks/CoreSymbolication.framework/Versions/A/CoreSymbolication
0x00007ff815a51000 	/System/Library/PrivateFrameworks/SymptomDiagnosticReporter.framework/Versions/A/SymptomDiagnosticReporter
0x00007ff80724c000 	/System/Library/PrivateFrameworks/DesktopServicesPriv.framework/Versions/A/DesktopServicesPriv
0x00007ff8060ce000 	/usr/lib/libsandbox.1.dylib
0x00007ff80b43e000 	/System/Library/PrivateFrameworks/UserManagement.framework/Versions/A/UserManagement
0x00007ff816c97000 	/System/Library/PrivateFrameworks/DebugSymbols.framework/Versions/A/DebugSymbols
0x00007ff811a83000 	/System/Library/PrivateFrameworks/NetAuth.framework/Versions/A/NetAuth
0x00007ff81296f000 	/System/Library/PrivateFrameworks/Sharing.framework/Versions/A/Sharing
0x00007ff80b411000 	/System/Library/PrivateFrameworks/login.framework/Versions/A/Frameworks/loginsupport.framework/Versions/A/loginsupport
0x00007ff817dcf000 	/System/Library/PrivateFrameworks/Apple80211.framework/Versions/A/Apple80211
0x00007ff80e660000 	/System/Library/PrivateFrameworks/AuthKit.framework/Versions/A/AuthKit
0x00007ff80dcbf000 	/System/Library/PrivateFrameworks/CoreUtils.framework/Versions/A/CoreUtils
0x00007ff80dbe6000 	/System/Library/Frameworks/CoreWLAN.framework/Versions/A/CoreWLAN
0x00007ff812aca000 	/System/Library/Frameworks/IOBluetooth.framework/Versions/A/IOBluetooth
0x00007ff817e37000 	/System/Library/PrivateFrameworks/CoreWiFi.framework/Versions/A/CoreWiFi
0x00007ff81686c000 	/System/Library/PrivateFrameworks/FrontBoardServices.framework/Versions/A/FrontBoardServices
0x00007ff8168fe000 	/System/Library/PrivateFrameworks/BoardServices.framework/Versions/A/BoardServices
0x00007ff80ded9000 	/System/Library/PrivateFrameworks/AssertionServices.framework/Versions/A/AssertionServices
0x00007ff817fbb000 	/System/Library/PrivateFrameworks/BackBoardServices.framework/Versions/A/BackBoardServices
0x00007ff811ecf000 	/System/Library/PrivateFrameworks/CorePhoneNumbers.framework/Versions/A/CorePhoneNumbers
0x00007ff815b6e000 	/System/Library/PrivateFrameworks/DiskManagement.framework/Versions/A/DiskManagement
0x00007ff815a82000 	/System/Library/PrivateFrameworks/AppleIDAuthSupport.framework/Versions/A/AppleIDAuthSupport
0x00007ffa2259a000 	/System/Library/PrivateFrameworks/AAAFoundation.framework/Versions/A/AAAFoundation
0x00007ff811eb0000 	/System/Library/PrivateFrameworks/KeychainCircle.framework/Versions/A/KeychainCircle
0x00007ff815b3a000 	/System/Library/PrivateFrameworks/MediaKit.framework/Versions/A/MediaKit
0x00007ff815a8e000 	/System/Library/Frameworks/DiscRecording.framework/Versions/A/DiscRecording
0x00007ff80f57c000 	/usr/lib/libCoreStorage.dylib
0x00007ff8182a8000 	/usr/lib/libcsfde.dylib
0x00007ff812b97000 	/System/Library/PrivateFrameworks/ProtectedCloudStorage.framework/Versions/A/ProtectedCloudStorage
0x00007ff8182a4000 	/System/Library/PrivateFrameworks/EFILogin.framework/Versions/A/EFILogin
0x00007ff8161eb000 	/System/Library/PrivateFrameworks/OctagonTrust.framework/Versions/A/OctagonTrust
0x00007ffb06c21000 	/System/Library/PrivateFrameworks/CoreUtilsExtras.framework/Versions/A/CoreUtilsExtras
0x00007ff8159c1000 	/System/Library/Frameworks/CoreBluetooth.framework/Versions/A/CoreBluetooth
0x00007ff81891e000 	/System/Library/Frameworks/AudioUnit.framework/Versions/A/AudioUnit
0x00007ff80f574000 	/usr/lib/libMatch.1.dylib
0x00007ff90d6ea000 	/System/Library/Frameworks/Accelerate.framework/Versions/A/Frameworks/vImage.framework/Versions/A/Libraries/libCGInterfaces.dylib
0x00000001280ba000 	/usr/lib/libobjc-trampolines.dylib
0x00007ff81adf5000 	/System/Library/PrivateFrameworks/FamilyControls.framework/Versions/A/FamilyControls
0x00007ff81ae19000 	/System/Library/PrivateFrameworks/CommerceKit.framework/Versions/A/Frameworks/CommerceCore.framework/Versions/A/CommerceCore
0x00007ff814f43000 	/System/Library/PrivateFrameworks/SystemAdministration.framework/Versions/A/SystemAdministration
0x00007ff812b7e000 	/System/Library/PrivateFrameworks/AppContainer.framework/Versions/A/AppContainer
0x00007ff812b93000 	/System/Library/PrivateFrameworks/SecCodeWrapper.framework/Versions/A/SecCodeWrapper
0x00007ff80f43e000 	/System/Library/PrivateFrameworks/CrashReporterSupport.framework/Versions/A/CrashReporterSupport
0x00007ff914fae000 	/System/Library/PrivateFrameworks/OSAnalytics.framework/Versions/A/OSAnalytics
0x00007ff920064000 	/System/Library/PrivateFrameworks/Symbolication.framework/Versions/A/Symbolication
0x00007ff9092f4000 	/System/Library/PrivateFrameworks/MallocStackLogging.framework/Versions/A/MallocStackLogging
0x00007ff80fcd1000 	/System/Library/PrivateFrameworks/login.framework/Versions/A/login
0x00007ff810921000 	/System/Library/Frameworks/MediaToolbox.framework/Versions/A/MediaToolbox
0x00007ff814848000 	/System/Library/Frameworks/DirectoryService.framework/Versions/A/DirectoryService
0x00007ff818147000 	/System/Library/PrivateFrameworks/DiskImages.framework/Versions/A/DiskImages
0x00007ff80df81000 	/System/Library/Frameworks/ServiceManagement.framework/Versions/A/ServiceManagement
0x00007ff818320000 	/System/Library/PrivateFrameworks/LoginUIKit.framework/Versions/A/Frameworks/LoginUICore.framework/Versions/A/LoginUICore
0x00007ff80fe7f000 	/usr/lib/libodfde.dylib
0x00007ff81601d000 	/System/Library/PrivateFrameworks/CoreAVCHD.framework/Versions/A/CoreAVCHD
0x00007ff814f07000 	/System/Library/Frameworks/MediaAccessibility.framework/Versions/A/MediaAccessibility
0x00007ff816019000 	/System/Library/PrivateFrameworks/Mangrove.framework/Versions/A/Mangrove
0x00007ff814f12000 	/System/Library/PrivateFrameworks/AlgosScoreFramework.framework/Versions/A/AlgosScoreFramework
0x00007ffb04089000 	/System/Library/PrivateFrameworks/CMPhoto.framework/Versions/A/CMPhoto
0x00007ff816b6d000 	/System/Library/PrivateFrameworks/AppleVPA.framework/Versions/A/AppleVPA
0x00007ff815c5e000 	/System/Library/PrivateFrameworks/CoreAUC.framework/Versions/A/CoreAUC
0x00007ff8182b4000 	/usr/lib/libcurl.4.dylib
0x00007ff818013000 	/usr/lib/libcrypto.44.dylib
0x00007ff81811a000 	/usr/lib/libssl.46.dylib
0x00007ff817fd9000 	/System/Library/Frameworks/LDAP.framework/Versions/A/LDAP
0x00007ff818011000 	/System/Library/PrivateFrameworks/TrustEvaluationAgent.framework/Versions/A/TrustEvaluationAgent
0x00007ff81179c000 	/usr/lib/libsasl2.2.dylib
0x00007ff814f37000 	/System/Library/PrivateFrameworks/CoreDaemon.framework/Versions/B/CoreDaemon
0x00007ff814f32000 	/System/Library/PrivateFrameworks/AppleSRP.framework/Versions/A/AppleSRP
0x00007ff80b138000 	/System/Library/PrivateFrameworks/ViewBridge.framework/Versions/A/ViewBridge
0x00007ffb194eb000 	/usr/lib/libRosetta.dylib
0x00007ffa22c50000 	/System/Library/PrivateFrameworks/AccessibilityBundles.framework/Versions/A/AccessibilityBundles
0x0000000125cde000 	/Library/Internet Plug-Ins/JavaAppletPlugin.plugin/Contents/Home/lib/libjavafx_font.dylib
0x000000012a321000 	/Library/Internet Plug-Ins/JavaAppletPlugin.plugin/Contents/Home/lib/libnio.dylib
0x000000012a360000 	/Library/Internet Plug-Ins/JavaAppletPlugin.plugin/Contents/Home/lib/libnet.dylib
0x000000012a4ed000 	/private/var/folders/fs/366gpcn92zjc5zmnjzj0kd_w0000gn/T/sqlite-3.43.0.0-10d3494b-55a3-4deb-88f2-f3709db73757-libsqlitejdbc.dylib
0x000000012ce53000 	/Library/Internet Plug-Ins/JavaAppletPlugin.plugin/Contents/Home/lib/libprism_common.dylib

VM Arguments:
jvm_args: -Dfile.encoding=UTF-8 
java_command: application.Main
java_class_path (initial): /Users/murunenkhtaivan/Desktop/csc151-03-01/bin:/Users/murunenkhtaivan/Desktop/csc151-03-01/sqlite-jdbc-3.43.0.0.jar:/Users/murunenkhtaivan/.p2/pool/plugins/org.eclipse.fx.ide.css.jfx8_3.8.0.202204150904.jar
Launcher Type: SUN_STANDARD

Environment Variables:
PATH=/usr/bin:/bin:/usr/sbin:/sbin
SHELL=/bin/zsh

Signal Handlers:
SIGSEGV: [libjvm.dylib+0x5b719d], sa_mask[0]=11111111111111111111111111111111, sa_flags=SA_ONSTACK|SA_RESTART|SA_SIGINFO
SIGBUS: [libjvm.dylib+0x5b719d], sa_mask[0]=11111111111111111111111111111111, sa_flags=SA_RESTART|SA_SIGINFO
SIGFPE: [libjvm.dylib+0x48c8fc], sa_mask[0]=11111111111111111111111111111111, sa_flags=SA_RESTART|SA_SIGINFO
SIGPIPE: [libjvm.dylib+0x48c8fc], sa_mask[0]=11111111111111111111111111111111, sa_flags=SA_RESTART|SA_SIGINFO
SIGXFSZ: [libjvm.dylib+0x48c8fc], sa_mask[0]=11111111111111111111111111111111, sa_flags=SA_RESTART|SA_SIGINFO
SIGILL: [libjvm.dylib+0x48c8fc], sa_mask[0]=11111111111111111111111111111111, sa_flags=SA_RESTART|SA_SIGINFO
SIGUSR1: SIG_DFL, sa_mask[0]=00000000000000000000000000000000, sa_flags=none
SIGUSR2: [libjvm.dylib+0x48c41a], sa_mask[0]=00100000000000000000000000000000, sa_flags=SA_RESTART|SA_SIGINFO
SIGHUP: [libjvm.dylib+0x48a9a5], sa_mask[0]=11111111111111111111111111111111, sa_flags=SA_RESTART|SA_SIGINFO
SIGINT: [libjvm.dylib+0x48a9a5], sa_mask[0]=11111111111111111111111111111111, sa_flags=SA_RESTART|SA_SIGINFO
SIGTERM: [libjvm.dylib+0x48a9a5], sa_mask[0]=11111111111111111111111111111111, sa_flags=SA_RESTART|SA_SIGINFO
SIGQUIT: [libjvm.dylib+0x48a9a5], sa_mask[0]=11111111111111111111111111111111, sa_flags=SA_RESTART|SA_SIGINFO


---------------  S Y S T E M  ---------------

OS:Bsduname:Darwin 21.1.0 Darwin Kernel Version 21.1.0: Wed Oct 13 17:33:01 PDT 2021; root:xnu-8019.41.5~1/RELEASE_ARM64_T6000 x86_64
rlimit: STACK 8176k, CORE 0k, NPROC 2666, NOFILE 10240, AS infinity
load average:2.35 2.49 2.57

CPU:total 8 (initial active 8) (1 cores per cpu, 1 threads per core) family 6 model 44 stepping 0, cmov, cx8, fxsr, mmx, sse, sse2, sse3, ssse3, sse4.1, sse4.2, popcnt, aes, clmul, tsc, tscinvbit, tscinv

Memory: 4k page, physical 16777216k(18524k free)

/proc/meminfo:


vm_info: Java HotSpot(TM) 64-Bit Server VM (25.202-b08) for bsd-amd64 JRE (1.8.0_202-b08), built on Dec 15 2018 20:16:16 by "java_re" with gcc 4.2.1 (Based on Apple Inc. build 5658) (LLVM build 2336.11.00)

time: Sat Oct 28 01:48:20 2023
timezone: PDT
elapsed time: 19 seconds (0d 0h 0m 19s)

